#
# There is insufficient memory for the Java Runtime Environment to continue.
# Native memory allocation (mmap) failed to map 89128960 bytes for committing reserved memory.
# Possible reasons:
#   The system is out of physical RAM or swap space
#   In 32 bit mode, the process size limit was hit
# Possible solutions:
#   Reduce memory load on the system
#   Increase physical memory or swap space
#   Check if swap backing store is full
#   Use 64 bit Java on a 64 bit OS
#   Decrease Java heap size (-Xmx/-Xms)
#   Decrease number of Java threads
#   Decrease Java thread stack sizes (-Xss)
#   Set larger code cache with -XX:ReservedCodeCacheSize=
# This output file may be truncated or incomplete.
#
#  Out of Memory Error (os_linux.cpp:2627), pid=22219, tid=139800872830720
#
# JRE version: Java(TM) SE Runtime Environment (8.0_73-b02) (build 1.8.0_73-b02)
# Java VM: Java HotSpot(TM) 64-Bit Server VM (25.73-b02 mixed mode linux-amd64 compressed oops)
# Failed to write core dump. Core dumps have been disabled. To enable core dumping, try "ulimit -c unlimited" before starting Java again
#

---------------  T H R E A D  ---------------

Current thread (0x00007f2604078000):  VMThread [stack: 0x00007f25ed4d4000,0x00007f25ed5d5000] [id=22228]

Stack: [0x00007f25ed4d4000,0x00007f25ed5d5000],  sp=0x00007f25ed5d2f60,  free space=1019k
Native frames: (J=compiled Java code, j=interpreted, Vv=VM code, C=native code)
V  [libjvm.so+0xaba71a]  VMError::report_and_die()+0x2ba
V  [libjvm.so+0x4f9ecb]  report_vm_out_of_memory(char const*, int, unsigned long, VMErrorType, char const*)+0x8b
V  [libjvm.so+0x91b553]  os::Linux::commit_memory_impl(char*, unsigned long, bool)+0x103
V  [libjvm.so+0x91baa9]  os::pd_commit_memory(char*, unsigned long, unsigned long, bool)+0x29
V  [libjvm.so+0x915dba]  os::commit_memory(char*, unsigned long, unsigned long, bool)+0x2a
V  [libjvm.so+0x989463]  PSVirtualSpace::expand_by(unsigned long)+0x53
V  [libjvm.so+0x98a868]  PSYoungGen::resize_generation(unsigned long, unsigned long)+0xf8
V  [libjvm.so+0x9899c2]  PSYoungGen::resize(unsigned long, unsigned long)+0x22
V  [libjvm.so+0x986c9b]  PSScavenge::invoke_no_policy()+0xf3b
V  [libjvm.so+0x987421]  PSScavenge::invoke()+0x41
V  [libjvm.so+0x93f1b0]  ParallelScavengeHeap::failed_mem_allocate(unsigned long)+0x70
V  [libjvm.so+0xabc137]  VM_ParallelGCFailedAllocation::doit()+0x97
V  [libjvm.so+0xac3b65]  VM_Operation::evaluate()+0x55
V  [libjvm.so+0xac1f3a]  VMThread::evaluate_operation(VM_Operation*)+0xba
V  [libjvm.so+0xac22be]  VMThread::loop()+0x1ce
V  [libjvm.so+0xac2730]  VMThread::run()+0x70
V  [libjvm.so+0x91d918]  java_start(Thread*)+0x108

VM_Operation (0x00007f25ec5d1990): ParallelGCFailedAllocation, mode: safepoint, requested by thread 0x00007f2604136000


---------------  P R O C E S S  ---------------

Java Threads: ( => current thread )
  0x00007f2604147800 JavaThread "pool-2-thread-4" [_thread_blocked, id=22243, stack(0x00007f25ec0cf000,0x00007f25ec1d0000)]
  0x00007f2604146000 JavaThread "pool-2-thread-3" [_thread_blocked, id=22242, stack(0x00007f25ec1d0000,0x00007f25ec2d1000)]
  0x00007f2604145000 JavaThread "pool-2-thread-2" [_thread_blocked, id=22239, stack(0x00007f25ec2d1000,0x00007f25ec3d2000)]
  0x00007f2604138000 JavaThread "pool-3-thread-1" [_thread_blocked, id=22238, stack(0x00007f25ec3d2000,0x00007f25ec4d3000)]
  0x00007f2604136000 JavaThread "pool-2-thread-1" [_thread_blocked, id=22237, stack(0x00007f25ec4d3000,0x00007f25ec5d4000)]
  0x00007f26040c0000 JavaThread "Service Thread" daemon [_thread_blocked, id=22235, stack(0x00007f25ec6eb000,0x00007f25ec7ec000)]
  0x00007f26040bd000 JavaThread "C1 CompilerThread2" daemon [_thread_blocked, id=22234, stack(0x00007f25ec7ec000,0x00007f25ec8ed000)]
  0x00007f26040bb800 JavaThread "C2 CompilerThread1" daemon [_thread_blocked, id=22233, stack(0x00007f25ec8ed000,0x00007f25ec9ee000)]
  0x00007f26040b8800 JavaThread "C2 CompilerThread0" daemon [_thread_blocked, id=22232, stack(0x00007f25ec9ee000,0x00007f25ecaef000)]
  0x00007f26040b7000 JavaThread "Signal Dispatcher" daemon [_thread_blocked, id=22231, stack(0x00007f25ecaef000,0x00007f25ecbf0000)]
  0x00007f260407f000 JavaThread "Finalizer" daemon [_thread_blocked, id=22230, stack(0x00007f25ed2d2000,0x00007f25ed3d3000)]
  0x00007f260407d000 JavaThread "Reference Handler" daemon [_thread_blocked, id=22229, stack(0x00007f25ed3d3000,0x00007f25ed4d4000)]
  0x00007f260400a000 JavaThread "main" [_thread_blocked, id=22221, stack(0x00007f260bb9e000,0x00007f260bc9f000)]

Other Threads:
=>0x00007f2604078000 VMThread [stack: 0x00007f25ed4d4000,0x00007f25ed5d5000] [id=22228]
  0x00007f26040c3000 WatcherThread [stack: 0x00007f25ec5ea000,0x00007f25ec6eb000] [id=22236]

VM state:at safepoint (normal execution)

VM Mutex/Monitor currently owned by a thread:  ([mutex/lock_event])
[0x00007f26040067d0] Threads_lock - owner thread: 0x00007f2604078000
[0x00007f2604006cd0] Heap_lock - owner thread: 0x00007f2604136000

Heap:
 PSYoungGen      total 66048K, used 2529K [0x00000000eab00000, 0x00000000eee00000, 0x0000000100000000)
  eden space 63488K, 0% used [0x00000000eab00000,0x00000000eab00000,0x00000000ee900000)
  from space 2560K, 98% used [0x00000000ee900000,0x00000000eeb786f8,0x00000000eeb80000)
  to   space 2560K, 0% used [0x00000000eeb80000,0x00000000eeb80000,0x00000000eee00000)
 ParOldGen       total 42496K, used 21477K [0x00000000c0000000, 0x00000000c2980000, 0x00000000eab00000)
  object space 42496K, 50% used [0x00000000c0000000,0x00000000c14f96b8,0x00000000c2980000)
 Metaspace       used 5952K, capacity 6896K, committed 7040K, reserved 1056768K
  class space    used 592K, capacity 616K, committed 640K, reserved 1048576K

Card table byte_map: [0x00007f260875e000,0x00007f260895f000] byte_map_base: 0x00007f260815e000

Marking Bits: (ParMarkBitMap*) 0x00007f260b073100
 Begin Bits: [0x00007f25ee000000, 0x00007f25ef000000)
 End Bits:   [0x00007f25ef000000, 0x00007f25f0000000)

Polling page: 0x00007f260bcba000

CodeCache: size=245760Kb used=4641Kb max_used=4641Kb free=241118Kb
 bounds [0x00007f25f5000000, 0x00007f25f5490000, 0x00007f2604000000]
 total_blobs=1527 nmethods=1259 adapters=182
 compilation: enabled

Compilation events (10 events):
Event: 7.416 Thread 0x00007f26040bd000 nmethod 1566% 0x00007f25f5486a10 code [0x00007f25f5486e00, 0x00007f25f5488ec8]
Event: 7.416 Thread 0x00007f26040bd000 1460       2       com.android.dx.cf.code.BytecodeArray::processWorkSet (50 bytes)
Event: 7.416 Thread 0x00007f26040bd000 nmethod 1460 0x00007f25f545f390 code [0x00007f25f545f540, 0x00007f25f545f878]
Event: 7.416 Thread 0x00007f26040bd000 1508       2       com.android.dx.ssa.ConstCollector::getConstsSortedByCountUse (386 bytes)
Event: 7.443 Thread 0x00007f26040bd000 nmethod 1508 0x00007f25f5489c10 code [0x00007f25f5489fa0, 0x00007f25f548b168]
Event: 7.443 Thread 0x00007f26040bd000 1496       2       com.android.dx.dex.code.BlockAddresses::setupArrays (113 bytes)
Event: 7.444 Thread 0x00007f26040bd000 nmethod 1496 0x00007f25f5484010 code [0x00007f25f5484200, 0x00007f25f5484978]
Event: 7.444 Thread 0x00007f26040bd000 1567   !   3       com.android.dx.cf.code.Simulator::simulate (74 bytes)
Event: 7.445 Thread 0x00007f26040bd000 nmethod 1567 0x00007f25f5483110 code [0x00007f25f54832e0, 0x00007f25f5483b98]
Event: 7.445 Thread 0x00007f26040bd000 1568 %     3       com.android.dx.cf.code.Ropper::addExceptionSetupBlocks @ 8 (203 bytes)

GC Heap History (9 events):
Event: 1.387 GC heap before
{Heap before GC invocations=1 (full 0):
 PSYoungGen      total 18432K, used 15872K [0x00000000eab00000, 0x00000000ebf80000, 0x0000000100000000)
  eden space 15872K, 100% used [0x00000000eab00000,0x00000000eba80000,0x00000000eba80000)
  from space 2560K, 0% used [0x00000000ebd00000,0x00000000ebd00000,0x00000000ebf80000)
  to   space 2560K, 0% used [0x00000000eba80000,0x00000000eba80000,0x00000000ebd00000)
 ParOldGen       total 42496K, used 0K [0x00000000c0000000, 0x00000000c2980000, 0x00000000eab00000)
  object space 42496K, 0% used [0x00000000c0000000,0x00000000c0000000,0x00000000c2980000)
 Metaspace       used 3702K, capacity 4944K, committed 5120K, reserved 1056768K
  class space    used 404K, capacity 456K, committed 512K, reserved 1048576K
Event: 1.403 GC heap after
Heap after GC invocations=1 (full 0):
 PSYoungGen      total 18432K, used 1253K [0x00000000eab00000, 0x00000000ecf00000, 0x0000000100000000)
  eden space 15872K, 0% used [0x00000000eab00000,0x00000000eab00000,0x00000000eba80000)
  from space 2560K, 48% used [0x00000000eba80000,0x00000000ebbb95a8,0x00000000ebd00000)
  to   space 2560K, 0% used [0x00000000ecc80000,0x00000000ecc80000,0x00000000ecf00000)
 ParOldGen       total 42496K, used 0K [0x00000000c0000000, 0x00000000c2980000, 0x00000000eab00000)
  object space 42496K, 0% used [0x00000000c0000000,0x00000000c0000000,0x00000000c2980000)
 Metaspace       used 3702K, capacity 4944K, committed 5120K, reserved 1056768K
  class space    used 404K, capacity 456K, committed 512K, reserved 1048576K
}
Event: 2.665 GC heap before
{Heap before GC invocations=2 (full 0):
 PSYoungGen      total 18432K, used 17125K [0x00000000eab00000, 0x00000000ecf00000, 0x0000000100000000)
  eden space 15872K, 100% used [0x00000000eab00000,0x00000000eba80000,0x00000000eba80000)
  from space 2560K, 48% used [0x00000000eba80000,0x00000000ebbb95a8,0x00000000ebd00000)
  to   space 2560K, 0% used [0x00000000ecc80000,0x00000000ecc80000,0x00000000ecf00000)
 ParOldGen       total 42496K, used 0K [0x00000000c0000000, 0x00000000c2980000, 0x00000000eab00000)
  object space 42496K, 0% used [0x00000000c0000000,0x00000000c0000000,0x00000000c2980000)
 Metaspace       used 5731K, capacity 6704K, committed 6784K, reserved 1056768K
  class space    used 589K, capacity 616K, committed 640K, reserved 1048576K
Event: 2.713 GC heap after
Heap after GC invocations=2 (full 0):
 PSYoungGen      total 34304K, used 2554K [0x00000000eab00000, 0x00000000ecf00000, 0x0000000100000000)
  eden space 31744K, 0% used [0x00000000eab00000,0x00000000eab00000,0x00000000eca00000)
  from space 2560K, 99% used [0x00000000ecc80000,0x00000000ecefe8e8,0x00000000ecf00000)
  to   space 2560K, 0% used [0x00000000eca00000,0x00000000eca00000,0x00000000ecc80000)
 ParOldGen       total 42496K, used 2265K [0x00000000c0000000, 0x00000000c2980000, 0x00000000eab00000)
  object space 42496K, 5% used [0x00000000c0000000,0x00000000c02366d8,0x00000000c2980000)
 Metaspace       used 5731K, capacity 6704K, committed 6784K, reserved 1056768K
  class space    used 589K, capacity 616K, committed 640K, reserved 1048576K
}
Event: 3.683 GC heap before
{Heap before GC invocations=3 (full 0):
 PSYoungGen      total 34304K, used 34298K [0x00000000eab00000, 0x00000000ecf00000, 0x0000000100000000)
  eden space 31744K, 100% used [0x00000000eab00000,0x00000000eca00000,0x00000000eca00000)
  from space 2560K, 99% used [0x00000000ecc80000,0x00000000ecefe8e8,0x00000000ecf00000)
  to   space 2560K, 0% used [0x00000000eca00000,0x00000000eca00000,0x00000000ecc80000)
 ParOldGen       total 42496K, used 2265K [0x00000000c0000000, 0x00000000c2980000, 0x00000000eab00000)
  object space 42496K, 5% used [0x00000000c0000000,0x00000000c02366d8,0x00000000c2980000)
 Metaspace       used 5818K, capacity 6768K, committed 7040K, reserved 1056768K
  class space    used 591K, capacity 616K, committed 640K, reserved 1048576K
Event: 3.748 GC heap after
Heap after GC invocations=3 (full 0):
 PSYoungGen      total 34304K, used 2541K [0x00000000eab00000, 0x00000000eee00000, 0x0000000100000000)
  eden space 31744K, 0% used [0x00000000eab00000,0x00000000eab00000,0x00000000eca00000)
  from space 2560K, 99% used [0x00000000eca00000,0x00000000ecc7b488,0x00000000ecc80000)
  to   space 2560K, 0% used [0x00000000eeb80000,0x00000000eeb80000,0x00000000eee00000)
 ParOldGen       total 42496K, used 7451K [0x00000000c0000000, 0x00000000c2980000, 0x00000000eab00000)
  object space 42496K, 17% used [0x00000000c0000000,0x00000000c0746e90,0x00000000c2980000)
 Metaspace       used 5818K, capacity 6768K, committed 7040K, reserved 1056768K
  class space    used 591K, capacity 616K, committed 640K, reserved 1048576K
}
Event: 4.333 GC heap before
{Heap before GC invocations=4 (full 0):
 PSYoungGen      total 34304K, used 34285K [0x00000000eab00000, 0x00000000eee00000, 0x0000000100000000)
  eden space 31744K, 100% used [0x00000000eab00000,0x00000000eca00000,0x00000000eca00000)
  from space 2560K, 99% used [0x00000000eca00000,0x00000000ecc7b488,0x00000000ecc80000)
  to   space 2560K, 0% used [0x00000000eeb80000,0x00000000eeb80000,0x00000000eee00000)
 ParOldGen       total 42496K, used 7451K [0x00000000c0000000, 0x00000000c2980000, 0x00000000eab00000)
  object space 42496K, 17% used [0x00000000c0000000,0x00000000c0746e90,0x00000000c2980000)
 Metaspace       used 5857K, capacity 6832K, committed 7040K, reserved 1056768K
  class space    used 592K, capacity 616K, committed 640K, reserved 1048576K
Event: 4.395 GC heap after
Heap after GC invocations=4 (full 0):
 PSYoungGen      total 66048K, used 2541K [0x00000000eab00000, 0x00000000eee00000, 0x0000000100000000)
  eden space 63488K, 0% used [0x00000000eab00000,0x00000000eab00000,0x00000000ee900000)
  from space 2560K, 99% used [0x00000000eeb80000,0x00000000eedfb488,0x00000000eee00000)
  to   space 2560K, 0% used [0x00000000ee900000,0x00000000ee900000,0x00000000eeb80000)
 ParOldGen       total 42496K, used 12012K [0x00000000c0000000, 0x00000000c2980000, 0x00000000eab00000)
  object space 42496K, 28% used [0x00000000c0000000,0x00000000c0bbb1d0,0x00000000c2980000)
 Metaspace       used 5857K, capacity 6832K, committed 7040K, reserved 1056768K
  class space    used 592K, capacity 616K, committed 640K, reserved 1048576K
}
Event: 7.474 GC heap before
{Heap before GC invocations=5 (full 0):
 PSYoungGen      total 66048K, used 66029K [0x00000000eab00000, 0x00000000eee00000, 0x0000000100000000)
  eden space 63488K, 100% used [0x00000000eab00000,0x00000000ee900000,0x00000000ee900000)
  from space 2560K, 99% used [0x00000000eeb80000,0x00000000eedfb488,0x00000000eee00000)
  to   space 2560K, 0% used [0x00000000ee900000,0x00000000ee900000,0x00000000eeb80000)
 ParOldGen       total 42496K, used 12012K [0x00000000c0000000, 0x00000000c2980000, 0x00000000eab00000)
  object space 42496K, 28% used [0x00000000c0000000,0x00000000c0bbb1d0,0x00000000c2980000)
 Metaspace       used 5952K, capacity 6896K, committed 7040K, reserved 1056768K
  class space    used 592K, capacity 616K, committed 640K, reserved 1048576K

Deoptimization events (10 events):
Event: 3.428 Thread 0x00007f260400a000 Uncommon trap: reason=unstable_if action=reinterpret pc=0x00007f25f52ea7e0 method=com.android.dx.rop.code.RegisterSpec.equals(ILcom/android/dx/rop/type/TypeBearer;Lcom/android/dx/rop/code/LocalItem;)Z @ 42
Event: 3.524 Thread 0x00007f2604136000 Uncommon trap: reason=unstable_if action=reinterpret pc=0x00007f25f5235b94 method=java.util.HashMap.getNode(ILjava/lang/Object;)Ljava/util/HashMap$Node; @ 129
Event: 3.670 Thread 0x00007f2604146000 Uncommon trap: reason=unstable_if action=reinterpret pc=0x00007f25f52a8d9c method=com.android.dx.rop.cst.Constant.compareTo(Lcom/android/dx/rop/cst/Constant;)I @ 12
Event: 3.932 Thread 0x00007f260400a000 Uncommon trap: reason=unstable_if action=reinterpret pc=0x00007f25f52e9d10 method=com.android.dx.rop.code.RegisterSpecSet.put(Lcom/android/dx/rop/code/RegisterSpec;)V @ 77
Event: 3.932 Thread 0x00007f260400a000 Uncommon trap: reason=unstable_if action=reinterpret pc=0x00007f25f5304184 method=com.android.dx.rop.code.RegisterSpecSet.put(Lcom/android/dx/rop/code/RegisterSpec;)V @ 77
Event: 3.965 Thread 0x00007f2604146000 Uncommon trap: reason=null_check action=make_not_entrant pc=0x00007f25f52da600 method=com.android.dx.ssa.SsaRenamer.getLocalForNewReg(I)Lcom/android/dx/rop/code/LocalItem; @ 19
Event: 4.091 Thread 0x00007f2604145000 Uncommon trap: reason=bimorphic action=maybe_recompile pc=0x00007f25f5249e60 method=java.util.HashMap.getNode(ILjava/lang/Object;)Ljava/util/HashMap$Node; @ 126
Event: 4.091 Thread 0x00007f2604145000 Uncommon trap: reason=bimorphic action=maybe_recompile pc=0x00007f25f5249e60 method=java.util.HashMap.getNode(ILjava/lang/Object;)Ljava/util/HashMap$Node; @ 126
Event: 4.091 Thread 0x00007f2604145000 Uncommon trap: reason=bimorphic action=maybe_recompile pc=0x00007f25f5249e60 method=java.util.HashMap.getNode(ILjava/lang/Object;)Ljava/util/HashMap$Node; @ 126
Event: 4.091 Thread 0x00007f2604145000 Uncommon trap: reason=bimorphic action=maybe_recompile pc=0x00007f25f5249e60 method=java.util.HashMap.getNode(ILjava/lang/Object;)Ljava/util/HashMap$Node; @ 126

Internal exceptions (4 events):
Event: 0.247 Thread 0x00007f260400a000 Exception <a 'java/lang/NoSuchMethodError': Method sun.misc.Unsafe.defineClass(Ljava/lang/String;[BII)Ljava/lang/Class; name or signature does not match> (0x00000000eab12be8) thrown at [/HUDSON3/workspace/8-2-build-linux-amd64/jdk8u73/6086/hotspot/src/sha
Event: 0.248 Thread 0x00007f260400a000 Exception <a 'java/lang/NoSuchMethodError': Method sun.misc.Unsafe.prefetchRead(Ljava/lang/Object;J)V name or signature does not match> (0x00000000eab12ed0) thrown at [/HUDSON3/workspace/8-2-build-linux-amd64/jdk8u73/6086/hotspot/src/share/vm/prims/jni.cp
Event: 3.109 Thread 0x00007f260400a000 Implicit null exception at 0x00007f25f52bf30b to 0x00007f25f52c1821
Event: 3.965 Thread 0x00007f2604146000 Implicit null exception at 0x00007f25f52d7e29 to 0x00007f25f52da5dd

Events (10 events):
Event: 4.431 Thread 0x00007f2604136000 DEOPT UNPACKING pc=0x00007f25f5047633 sp=0x00007f25ec5d1af0 mode 0
Event: 4.551 Executing VM operation: EnableBiasedLocking
Event: 4.551 Executing VM operation: EnableBiasedLocking done
Event: 4.685 Thread 0x00007f2604136000 DEOPT PACKING pc=0x00007f25f5383aac sp=0x00007f25ec5d1df0
Event: 4.685 Thread 0x00007f2604136000 DEOPT UNPACKING pc=0x00007f25f5047633 sp=0x00007f25ec5d1af0 mode 0
Event: 4.922 Thread 0x00007f2604147800 DEOPT PACKING pc=0x00007f25f5383aac sp=0x00007f25ec1ce120
Event: 4.922 Thread 0x00007f2604147800 DEOPT UNPACKING pc=0x00007f25f5047633 sp=0x00007f25ec1cde30 mode 0
Event: 7.368 Thread 0x00007f260400a000 DEOPT PACKING pc=0x00007f25f5383aac sp=0x00007f260bc9c9c0
Event: 7.368 Thread 0x00007f260400a000 DEOPT UNPACKING pc=0x00007f25f5047633 sp=0x00007f260bc9c6c0 mode 0
Event: 7.454 Executing VM operation: ParallelGCFailedAllocation


Dynamic libraries:
00400000-00401000 r-xp 00000000 08:07 157243                             /usr/lib/jvm/JDK/jdk1.8.0_73/bin/java
00600000-00601000 rw-p 00000000 08:07 157243                             /usr/lib/jvm/JDK/jdk1.8.0_73/bin/java
00fd8000-00ff9000 rw-p 00000000 00:00 0                                  [heap]
c0000000-c2980000 rw-p 00000000 00:00 0 
c2980000-eab00000 ---p 00000000 00:00 0 
eab00000-eee00000 rw-p 00000000 00:00 0 
f4300000-100000000 ---p 00000000 00:00 0 
100000000-1000a0000 rw-p 00000000 00:00 0 
1000a0000-140000000 ---p 00000000 00:00 0 
7f25a0000000-7f25a0021000 rw-p 00000000 00:00 0 
7f25a0021000-7f25a4000000 ---p 00000000 00:00 0 
7f25a8000000-7f25a8021000 rw-p 00000000 00:00 0 
7f25a8021000-7f25ac000000 ---p 00000000 00:00 0 
7f25ac000000-7f25ac026000 rw-p 00000000 00:00 0 
7f25ac026000-7f25b0000000 ---p 00000000 00:00 0 
7f25b0000000-7f25b0021000 rw-p 00000000 00:00 0 
7f25b0021000-7f25b4000000 ---p 00000000 00:00 0 
7f25b4000000-7f25b4021000 rw-p 00000000 00:00 0 
7f25b4021000-7f25b8000000 ---p 00000000 00:00 0 
7f25b8000000-7f25b8021000 rw-p 00000000 00:00 0 
7f25b8021000-7f25bc000000 ---p 00000000 00:00 0 
7f25bc000000-7f25bc021000 rw-p 00000000 00:00 0 
7f25bc021000-7f25c0000000 ---p 00000000 00:00 0 
7f25c0000000-7f25c0633000 rw-p 00000000 00:00 0 
7f25c0633000-7f25c4000000 ---p 00000000 00:00 0 
7f25c4000000-7f25c479b000 rw-p 00000000 00:00 0 
7f25c479b000-7f25c8000000 ---p 00000000 00:00 0 
7f25c8000000-7f25c8021000 rw-p 00000000 00:00 0 
7f25c8021000-7f25cc000000 ---p 00000000 00:00 0 
7f25cc000000-7f25cc5f4000 rw-p 00000000 00:00 0 
7f25cc5f4000-7f25d0000000 ---p 00000000 00:00 0 
7f25d0000000-7f25d0021000 rw-p 00000000 00:00 0 
7f25d0021000-7f25d4000000 ---p 00000000 00:00 0 
7f25d4000000-7f25d4021000 rw-p 00000000 00:00 0 
7f25d4021000-7f25d8000000 ---p 00000000 00:00 0 
7f25d8000000-7f25d8021000 rw-p 00000000 00:00 0 
7f25d8021000-7f25dc000000 ---p 00000000 00:00 0 
7f25dc000000-7f25dc28e000 rw-p 00000000 00:00 0 
7f25dc28e000-7f25e0000000 ---p 00000000 00:00 0 
7f25e0000000-7f25e0021000 rw-p 00000000 00:00 0 
7f25e0021000-7f25e4000000 ---p 00000000 00:00 0 
7f25e8000000-7f25e8021000 rw-p 00000000 00:00 0 
7f25e8021000-7f25ec000000 ---p 00000000 00:00 0 
7f25ec0ae000-7f25ec0cf000 r--p 00000000 08:07 145469                     /usr/share/locale-langpack/zh_CN/LC_MESSAGES/libc.mo
7f25ec0cf000-7f25ec0d2000 ---p 00000000 00:00 0 
7f25ec0d2000-7f25ec1d0000 rw-p 00000000 00:00 0 
7f25ec1d0000-7f25ec1d3000 ---p 00000000 00:00 0 
7f25ec1d3000-7f25ec2d1000 rw-p 00000000 00:00 0 
7f25ec2d1000-7f25ec2d4000 ---p 00000000 00:00 0 
7f25ec2d4000-7f25ec3d2000 rw-p 00000000 00:00 0 
7f25ec3d2000-7f25ec3d5000 ---p 00000000 00:00 0 
7f25ec3d5000-7f25ec4d3000 rw-p 00000000 00:00 0 
7f25ec4d3000-7f25ec4d6000 ---p 00000000 00:00 0 
7f25ec4d6000-7f25ec5d4000 rw-p 00000000 00:00 0 
7f25ec5d4000-7f25ec5ea000 r--s 000f1000 08:0a 2624682                    /home/xiaoming/AndroidStudioProjects/MyApplication/One_Process3/build/intermediates/exploded-aar/com.android.support/support-v4/23.3.0/jars/classes.jar
7f25ec5ea000-7f25ec5eb000 ---p 00000000 00:00 0 
7f25ec5eb000-7f25ec6eb000 rw-p 00000000 00:00 0 
7f25ec6eb000-7f25ec6ee000 ---p 00000000 00:00 0 
7f25ec6ee000-7f25ec7ec000 rw-p 00000000 00:00 0 
7f25ec7ec000-7f25ec7ef000 ---p 00000000 00:00 0 
7f25ec7ef000-7f25ec8ed000 rw-p 00000000 00:00 0 
7f25ec8ed000-7f25ec8f0000 ---p 00000000 00:00 0 
7f25ec8f0000-7f25ec9ee000 rw-p 00000000 00:00 0 
7f25ec9ee000-7f25ec9f1000 ---p 00000000 00:00 0 
7f25ec9f1000-7f25ecaef000 rw-p 00000000 00:00 0 
7f25ecaef000-7f25ecaf2000 ---p 00000000 00:00 0 
7f25ecaf2000-7f25ecbf0000 rw-p 00000000 00:00 0 
7f25ecbf0000-7f25ed2d2000 r--p 00000000 08:07 1059366                    /usr/lib/locale/locale-archive
7f25ed2d2000-7f25ed2d5000 ---p 00000000 00:00 0 
7f25ed2d5000-7f25ed3d3000 rw-p 00000000 00:00 0 
7f25ed3d3000-7f25ed3d6000 ---p 00000000 00:00 0 
7f25ed3d6000-7f25ed4d4000 rw-p 00000000 00:00 0 
7f25ed4d4000-7f25ed4d5000 ---p 00000000 00:00 0 
7f25ed4d5000-7f25f0000000 rw-p 00000000 00:00 0 
7f25f0000000-7f25f0021000 rw-p 00000000 00:00 0 
7f25f0021000-7f25f4000000 ---p 00000000 00:00 0 
7f25f400d000-7f25f401c000 r--s 000df000 08:0a 920815                     /home/xiaoming/Android/Sdk/build-tools/23.0.3/lib/dx.jar
7f25f401c000-7f25f45b2000 rw-p 00000000 00:00 0 
7f25f45b2000-7f25f478a000 r--s 03d23000 08:07 157622                     /usr/lib/jvm/JDK/jdk1.8.0_73/jre/lib/rt.jar
7f25f478a000-7f25f4e40000 rw-p 00000000 00:00 0 
7f25f4e40000-7f25f5000000 ---p 00000000 00:00 0 
7f25f5000000-7f25f5490000 rwxp 00000000 00:00 0 
7f25f5490000-7f2604000000 ---p 00000000 00:00 0 
7f2604000000-7f260438e000 rw-p 00000000 00:00 0 
7f260438e000-7f2608000000 ---p 00000000 00:00 0 
7f2608004000-7f2608204000 rw-p 00000000 00:00 0 
7f2608204000-7f2608205000 ---p 00000000 00:00 0 
7f2608205000-7f2608305000 rw-p 00000000 00:00 0 
7f2608305000-7f2608306000 ---p 00000000 00:00 0 
7f2608306000-7f2608406000 rw-p 00000000 00:00 0 
7f2608406000-7f2608407000 ---p 00000000 00:00 0 
7f2608407000-7f2608507000 rw-p 00000000 00:00 0 
7f2608507000-7f2608508000 ---p 00000000 00:00 0 
7f2608508000-7f260861d000 rw-p 00000000 00:00 0 
7f260861d000-7f260875e000 ---p 00000000 00:00 0 
7f260875e000-7f2608773000 rw-p 00000000 00:00 0 
7f2608773000-7f26088b3000 ---p 00000000 00:00 0 
7f26088b3000-7f26088d5000 rw-p 00000000 00:00 0 
7f26088d5000-7f260895e000 ---p 00000000 00:00 0 
7f260895e000-7f2608972000 rw-p 00000000 00:00 0 
7f2608972000-7f2608d1f000 ---p 00000000 00:00 0 
7f2608d1f000-7f2608d39000 r-xp 00000000 08:07 157495                     /usr/lib/jvm/JDK/jdk1.8.0_73/jre/lib/amd64/libzip.so
7f2608d39000-7f2608f39000 ---p 0001a000 08:07 157495                     /usr/lib/jvm/JDK/jdk1.8.0_73/jre/lib/amd64/libzip.so
7f2608f39000-7f2608f3a000 rw-p 0001a000 08:07 157495                     /usr/lib/jvm/JDK/jdk1.8.0_73/jre/lib/amd64/libzip.so
7f2608f3a000-7f2608f44000 r-xp 00000000 08:07 678228                     /lib/x86_64-linux-gnu/libnss_files-2.19.so
7f2608f44000-7f2609143000 ---p 0000a000 08:07 678228                     /lib/x86_64-linux-gnu/libnss_files-2.19.so
7f2609143000-7f2609144000 r--p 00009000 08:07 678228                     /lib/x86_64-linux-gnu/libnss_files-2.19.so
7f2609144000-7f2609145000 rw-p 0000a000 08:07 678228                     /lib/x86_64-linux-gnu/libnss_files-2.19.so
7f2609145000-7f2609150000 r-xp 00000000 08:07 678214                     /lib/x86_64-linux-gnu/libnss_nis-2.19.so
7f2609150000-7f260934f000 ---p 0000b000 08:07 678214                     /lib/x86_64-linux-gnu/libnss_nis-2.19.so
7f260934f000-7f2609350000 r--p 0000a000 08:07 678214                     /lib/x86_64-linux-gnu/libnss_nis-2.19.so
7f2609350000-7f2609351000 rw-p 0000b000 08:07 678214                     /lib/x86_64-linux-gnu/libnss_nis-2.19.so
7f2609351000-7f2609368000 r-xp 00000000 08:07 678203                     /lib/x86_64-linux-gnu/libnsl-2.19.so
7f2609368000-7f2609567000 ---p 00017000 08:07 678203                     /lib/x86_64-linux-gnu/libnsl-2.19.so
7f2609567000-7f2609568000 r--p 00016000 08:07 678203                     /lib/x86_64-linux-gnu/libnsl-2.19.so
7f2609568000-7f2609569000 rw-p 00017000 08:07 678203                     /lib/x86_64-linux-gnu/libnsl-2.19.so
7f2609569000-7f260956b000 rw-p 00000000 00:00 0 
7f260956b000-7f2609574000 r-xp 00000000 08:07 678202                     /lib/x86_64-linux-gnu/libnss_compat-2.19.so
7f2609574000-7f2609773000 ---p 00009000 08:07 678202                     /lib/x86_64-linux-gnu/libnss_compat-2.19.so
7f2609773000-7f2609774000 r--p 00008000 08:07 678202                     /lib/x86_64-linux-gnu/libnss_compat-2.19.so
7f2609774000-7f2609775000 rw-p 00009000 08:07 678202                     /lib/x86_64-linux-gnu/libnss_compat-2.19.so
7f2609775000-7f260979f000 r-xp 00000000 08:07 157527                     /usr/lib/jvm/JDK/jdk1.8.0_73/jre/lib/amd64/libjava.so
7f260979f000-7f260999f000 ---p 0002a000 08:07 157527                     /usr/lib/jvm/JDK/jdk1.8.0_73/jre/lib/amd64/libjava.so
7f260999f000-7f26099a1000 rw-p 0002a000 08:07 157527                     /usr/lib/jvm/JDK/jdk1.8.0_73/jre/lib/amd64/libjava.so
7f26099a1000-7f26099ae000 r-xp 00000000 08:07 157508                     /usr/lib/jvm/JDK/jdk1.8.0_73/jre/lib/amd64/libverify.so
7f26099ae000-7f2609bae000 ---p 0000d000 08:07 157508                     /usr/lib/jvm/JDK/jdk1.8.0_73/jre/lib/amd64/libverify.so
7f2609bae000-7f2609bb0000 rw-p 0000d000 08:07 157508                     /usr/lib/jvm/JDK/jdk1.8.0_73/jre/lib/amd64/libverify.so
7f2609bb0000-7f2609bb7000 r-xp 00000000 08:07 678220                     /lib/x86_64-linux-gnu/librt-2.19.so
7f2609bb7000-7f2609db6000 ---p 00007000 08:07 678220                     /lib/x86_64-linux-gnu/librt-2.19.so
7f2609db6000-7f2609db7000 r--p 00006000 08:07 678220                     /lib/x86_64-linux-gnu/librt-2.19.so
7f2609db7000-7f2609db8000 rw-p 00007000 08:07 678220                     /lib/x86_64-linux-gnu/librt-2.19.so
7f2609db8000-7f2609ebd000 r-xp 00000000 08:07 678185                     /lib/x86_64-linux-gnu/libm-2.19.so
7f2609ebd000-7f260a0bc000 ---p 00105000 08:07 678185                     /lib/x86_64-linux-gnu/libm-2.19.so
7f260a0bc000-7f260a0bd000 r--p 00104000 08:07 678185                     /lib/x86_64-linux-gnu/libm-2.19.so
7f260a0bd000-7f260a0be000 rw-p 00105000 08:07 678185                     /lib/x86_64-linux-gnu/libm-2.19.so
7f260a0be000-7f260ad7d000 r-xp 00000000 08:07 157531                     /usr/lib/jvm/JDK/jdk1.8.0_73/jre/lib/amd64/server/libjvm.so
7f260ad7d000-7f260af7c000 ---p 00cbf000 08:07 157531                     /usr/lib/jvm/JDK/jdk1.8.0_73/jre/lib/amd64/server/libjvm.so
7f260af7c000-7f260b055000 rw-p 00cbe000 08:07 157531                     /usr/lib/jvm/JDK/jdk1.8.0_73/jre/lib/amd64/server/libjvm.so
7f260b055000-7f260b09e000 rw-p 00000000 00:00 0 
7f260b09e000-7f260b258000 r-xp 00000000 08:07 678224                     /lib/x86_64-linux-gnu/libc-2.19.so
7f260b258000-7f260b458000 ---p 001ba000 08:07 678224                     /lib/x86_64-linux-gnu/libc-2.19.so
7f260b458000-7f260b45c000 r--p 001ba000 08:07 678224                     /lib/x86_64-linux-gnu/libc-2.19.so
7f260b45c000-7f260b45e000 rw-p 001be000 08:07 678224                     /lib/x86_64-linux-gnu/libc-2.19.so
7f260b45e000-7f260b463000 rw-p 00000000 00:00 0 
7f260b463000-7f260b466000 r-xp 00000000 08:07 678191                     /lib/x86_64-linux-gnu/libdl-2.19.so
7f260b466000-7f260b665000 ---p 00003000 08:07 678191                     /lib/x86_64-linux-gnu/libdl-2.19.so
7f260b665000-7f260b666000 r--p 00002000 08:07 678191                     /lib/x86_64-linux-gnu/libdl-2.19.so
7f260b666000-7f260b667000 rw-p 00003000 08:07 678191                     /lib/x86_64-linux-gnu/libdl-2.19.so
7f260b667000-7f260b67c000 r-xp 00000000 08:07 1075928                    /usr/lib/jvm/JDK/jdk1.8.0_73/lib/amd64/jli/libjli.so
7f260b67c000-7f260b87c000 ---p 00015000 08:07 1075928                    /usr/lib/jvm/JDK/jdk1.8.0_73/lib/amd64/jli/libjli.so
7f260b87c000-7f260b87d000 rw-p 00015000 08:07 1075928                    /usr/lib/jvm/JDK/jdk1.8.0_73/lib/amd64/jli/libjli.so
7f260b87d000-7f260b896000 r-xp 00000000 08:07 678204                     /lib/x86_64-linux-gnu/libpthread-2.19.so
7f260b896000-7f260ba95000 ---p 00019000 08:07 678204                     /lib/x86_64-linux-gnu/libpthread-2.19.so
7f260ba95000-7f260ba96000 r--p 00018000 08:07 678204                     /lib/x86_64-linux-gnu/libpthread-2.19.so
7f260ba96000-7f260ba97000 rw-p 00019000 08:07 678204                     /lib/x86_64-linux-gnu/libpthread-2.19.so
7f260ba97000-7f260ba9b000 rw-p 00000000 00:00 0 
7f260ba9b000-7f260babe000 r-xp 00000000 08:07 678210                     /lib/x86_64-linux-gnu/ld-2.19.so
7f260bac5000-7f260bb9e000 rw-p 00000000 00:00 0 
7f260bb9e000-7f260bba1000 ---p 00000000 00:00 0 
7f260bba1000-7f260bca3000 rw-p 00000000 00:00 0 
7f260bca9000-7f260bcaa000 rw-p 00000000 00:00 0 
7f260bcaa000-7f260bcb1000 r--s 00000000 08:07 158159                     /usr/lib/x86_64-linux-gnu/gconv/gconv-modules.cache
7f260bcb1000-7f260bcb9000 rw-s 00000000 08:07 422053                     /tmp/hsperfdata_xiaoming/22219
7f260bcb9000-7f260bcba000 rw-p 00000000 00:00 0 
7f260bcba000-7f260bcbb000 ---p 00000000 00:00 0 
7f260bcbb000-7f260bcbd000 rw-p 00000000 00:00 0 
7f260bcbd000-7f260bcbe000 r--p 00022000 08:07 678210                     /lib/x86_64-linux-gnu/ld-2.19.so
7f260bcbe000-7f260bcbf000 rw-p 00023000 08:07 678210                     /lib/x86_64-linux-gnu/ld-2.19.so
7f260bcbf000-7f260bcc0000 rw-p 00000000 00:00 0 
7ffea508b000-7ffea50ad000 rw-p 00000000 00:00 0                          [stack]
7ffea50c8000-7ffea50ca000 r--p 00000000 00:00 0                          [vvar]
7ffea50ca000-7ffea50cc000 r-xp 00000000 00:00 0                          [vdso]
ffffffffff600000-ffffffffff601000 r-xp 00000000 00:00 0                  [vsyscall]

VM Arguments:
jvm_args: -Djava.awt.headless=true -Xmx1024M -Dfile.encoding=UTF-8 -Duser.country=CN -Duser.language=zh -Duser.variant 
java_command: com.android.dx.command.Main --dex --force-jumbo --num-threads=4 --multi-dex --output /home/xiaoming/AndroidStudioProjects/MyApplication/One_Process3/build/intermediates/transforms/dex/debug/folders/1000/10/com.android.support-support-v4-23.3.0_4849bdaff28f3ac51c5f36c29caefadc3d2ff307 /home/xiaoming/AndroidStudioProjects/MyApplication/One_Process3/build/intermediates/exploded-aar/com.android.support/support-v4/23.3.0/jars/classes.jar
java_class_path (initial): /home/xiaoming/Android/Sdk/build-tools/23.0.3/lib/dx.jar
Launcher Type: SUN_STANDARD

Environment Variables:
JAVA_HOME=/usr/lib/jvm/JDK/jdk1.8.0_73
CLASSPATH=/home/xiaoming/Android/android-studio/bin/../lib/bootstrap.jar:/home/xiaoming/Android/android-studio/bin/../lib/extensions.jar:/home/xiaoming/Android/android-studio/bin/../lib/util.jar:/home/xiaoming/Android/android-studio/bin/../lib/jdom.jar:/home/xiaoming/Android/android-studio/bin/../lib/log4j.jar:/home/xiaoming/Android/android-studio/bin/../lib/trove4j.jar:/home/xiaoming/Android/android-studio/bin/../lib/jna.jar:/usr/lib/jvm/JDK/jdk1.8.0_73/lib/tools.jar
PATH=/usr/lib/jvm/JDK/jdk1.8.0_73/bin:/usr/local/sbin:/usr/local/bin:/usr/sbin:/usr/bin:/sbin:/bin:/usr/games:/usr/local/games:/home/xiaoming/Android/android-studio/bin
LD_LIBRARY_PATH=/home/xiaoming/Android/android-studio/bin:
SHELL=/bin/bash
DISPLAY=:0

Signal Handlers:
SIGSEGV: [libjvm.so+0xabafa0], sa_mask[0]=11111111011111111101111111111110, sa_flags=SA_RESTART|SA_SIGINFO
SIGBUS: [libjvm.so+0xabafa0], sa_mask[0]=11111111011111111101111111111110, sa_flags=SA_RESTART|SA_SIGINFO
SIGFPE: [libjvm.so+0x9183c0], sa_mask[0]=11111111011111111101111111111110, sa_flags=SA_RESTART|SA_SIGINFO
SIGPIPE: [libjvm.so+0x9183c0], sa_mask[0]=11111111011111111101111111111110, sa_flags=SA_RESTART|SA_SIGINFO
SIGXFSZ: [libjvm.so+0x9183c0], sa_mask[0]=11111111011111111101111111111110, sa_flags=SA_RESTART|SA_SIGINFO
SIGILL: [libjvm.so+0x9183c0], sa_mask[0]=11111111011111111101111111111110, sa_flags=SA_RESTART|SA_SIGINFO
SIGUSR1: SIG_DFL, sa_mask[0]=00000000000000000000000000000000, sa_flags=none
SIGUSR2: [libjvm.so+0x9199f0], sa_mask[0]=00100000000000000000000000000000, sa_flags=SA_RESTART|SA_SIGINFO
SIGHUP: [libjvm.so+0x91adf0], sa_mask[0]=11111111011111111101111111111110, sa_flags=SA_RESTART|SA_SIGINFO
SIGINT: [libjvm.so+0x91adf0], sa_mask[0]=11111111011111111101111111111110, sa_flags=SA_RESTART|SA_SIGINFO
SIGTERM: [libjvm.so+0x91adf0], sa_mask[0]=11111111011111111101111111111110, sa_flags=SA_RESTART|SA_SIGINFO
SIGQUIT: [libjvm.so+0x91adf0], sa_mask[0]=11111111011111111101111111111110, sa_flags=SA_RESTART|SA_SIGINFO


---------------  S Y S T E M  ---------------

OS:DISTRIB_ID=Ubuntu
DISTRIB_RELEASE=14.04
DISTRIB_CODENAME=trusty
DISTRIB_DESCRIPTION="Ubuntu 14.04.5 LTS"

uname:Linux 4.2.0-42-generic #49~14.04.1-Ubuntu SMP Wed Jun 29 20:22:11 UTC 2016 x86_64
libc:glibc 2.19 NPTL 2.19 
rlimit: STACK 8192k, CORE 0k, NPROC 15043, NOFILE 4096, AS infinity
load average:9.16 4.45 3.04

/proc/meminfo:
MemTotal:        3947464 kB
MemFree:          103092 kB
MemAvailable:      53764 kB
Buffers:             708 kB
Cached:           387312 kB
SwapCached:         4872 kB
Active:          2185328 kB
Inactive:         742096 kB
Active(anon):    2181236 kB
Inactive(anon):   719004 kB
Active(file):       4092 kB
Inactive(file):    23092 kB
Unevictable:          32 kB
Mlocked:              32 kB
SwapTotal:       1000444 kB
SwapFree:             48 kB
Dirty:               164 kB
Writeback:             0 kB
AnonPages:       2534692 kB
Mapped:           870276 kB
Shmem:            360732 kB
Slab:              87588 kB
SReclaimable:      43096 kB
SUnreclaim:        44492 kB
KernelStack:       10656 kB
PageTables:        39700 kB
NFS_Unstable:          0 kB
Bounce:                0 kB
WritebackTmp:          0 kB
CommitLimit:     2974176 kB
Committed_AS:    7584436 kB
VmallocTotal:   34359738367 kB
VmallocUsed:      380580 kB
VmallocChunk:   34358947836 kB
HardwareCorrupted:     0 kB
AnonHugePages:    882688 kB
CmaTotal:              0 kB
CmaFree:               0 kB
HugePages_Total:       0
HugePages_Free:        0
HugePages_Rsvd:        0
HugePages_Surp:        0
Hugepagesize:       2048 kB
DirectMap4k:      176912 kB
DirectMap2M:     2869248 kB
DirectMap1G:     1048576 kB


CPU:total 4 (2 cores per cpu, 2 threads per core) family 6 model 61 stepping 4, cmov, cx8, fxsr, mmx, sse, sse2, sse3, ssse3, sse4.1, sse4.2, popcnt, avx, avx2, aes, clmul, erms, 3dnowpref, lzcnt, ht, tsc, tscinvbit, bmi1, bmi2, adx

/proc/cpuinfo:
processor	: 0
vendor_id	: GenuineIntel
cpu family	: 6
model		: 61
model name	: Intel(R) Core(TM) i5-5200U CPU @ 2.20GHz
stepping	: 4
microcode	: 0x1f
cpu MHz		: 2568.929
cache size	: 3072 KB
physical id	: 0
siblings	: 4
core id		: 0
cpu cores	: 2
apicid		: 0
initial apicid	: 0
fpu		: yes
fpu_exception	: yes
cpuid level	: 20
wp		: yes
flags		: fpu vme de pse tsc msr pae mce cx8 apic sep mtrr pge mca cmov pat pse36 clflush dts acpi mmx fxsr sse sse2 ss ht tm pbe syscall nx pdpe1gb rdtscp lm constant_tsc arch_perfmon pebs bts rep_good nopl xtopology nonstop_tsc aperfmperf eagerfpu pni pclmulqdq dtes64 monitor ds_cpl vmx est tm2 ssse3 fma cx16 xtpr pdcm pcid sse4_1 sse4_2 x2apic movbe popcnt tsc_deadline_timer aes xsave avx f16c rdrand lahf_lm abm 3dnowprefetch ida arat epb pln pts dtherm intel_pt tpr_shadow vnmi flexpriority ept vpid fsgsbase tsc_adjust bmi1 avx2 smep bmi2 erms invpcid rdseed adx smap xsaveopt
bugs		:
bogomips	: 4389.61
clflush size	: 64
cache_alignment	: 64
address sizes	: 39 bits physical, 48 bits virtual
power management:

processor	: 1
vendor_id	: GenuineIntel
cpu family	: 6
model		: 61
model name	: Intel(R) Core(TM) i5-5200U CPU @ 2.20GHz
stepping	: 4
microcode	: 0x1f
cpu MHz		: 2495.968
cache size	: 3072 KB
physical id	: 0
siblings	: 4
core id		: 1
cpu cores	: 2
apicid		: 2
initial apicid	: 2
fpu		: yes
fpu_exception	: yes
cpuid level	: 20
wp		: yes
flags		: fpu vme de pse tsc msr pae mce cx8 apic sep mtrr pge mca cmov pat pse36 clflush dts acpi mmx fxsr sse sse2 ss ht tm pbe syscall nx pdpe1gb rdtscp lm constant_tsc arch_perfmon pebs bts rep_good nopl xtopology nonstop_tsc aperfmperf eagerfpu pni pclmulqdq dtes64 monitor ds_cpl vmx est tm2 ssse3 fma cx16 xtpr pdcm pcid sse4_1 sse4_2 x2apic movbe popcnt tsc_deadline_timer aes xsave avx f16c rdrand lahf_lm abm 3dnowprefetch ida arat epb pln pts dtherm intel_pt tpr_shadow vnmi flexpriority ept vpid fsgsbase tsc_adjust bmi1 avx2 smep bmi2 erms invpcid rdseed adx smap xsaveopt
bugs		:
bogomips	: 4389.61
clflush size	: 64
cache_alignment	: 64
address sizes	: 39 bits physical, 48 bits virtual
power management:

processor	: 2
vendor_id	: GenuineIntel
cpu family	: 6
model		: 61
model name	: Intel(R) Core(TM) i5-5200U CPU @ 2.20GHz
stepping	: 4
microcode	: 0x1f
cpu MHz		: 2069.203
cache size	: 3072 KB
physical id	: 0
siblings	: 4
core id		: 0
cpu cores	: 2
apicid		: 1
initial apicid	: 1
fpu		: yes
fpu_exception	: yes
cpuid level	: 20
wp		: yes
flags		: fpu vme de pse tsc msr pae mce cx8 apic sep mtrr pge mca cmov pat pse36 clflush dts acpi mmx fxsr sse sse2 ss ht tm pbe syscall nx pdpe1gb rdtscp lm constant_tsc arch_perfmon pebs bts rep_good nopl xtopology nonstop_tsc aperfmperf eagerfpu pni pclmulqdq dtes64 monitor ds_cpl vmx est tm2 ssse3 fma cx16 xtpr pdcm pcid sse4_1 sse4_2 x2apic movbe popcnt tsc_deadline_timer aes xsave avx f16c rdrand lahf_lm abm 3dnowprefetch ida arat epb pln pts dtherm intel_pt tpr_shadow vnmi flexpriority ept vpid fsgsbase tsc_adjust bmi1 avx2 smep bmi2 erms invpcid rdseed adx smap xsaveopt
bugs		:
bogomips	: 4389.61
clflush size	: 64
cache_alignment	: 64
address sizes	: 39 bits physical, 48 bits virtual
power management:

processor	: 3
vendor_id	: GenuineIntel
cpu family	: 6
model		: 61
model name	: Intel(R) Core(TM) i5-5200U CPU @ 2.20GHz
stepping	: 4
microcode	: 0x1f
cpu MHz		: 2412.265
cache size	: 3072 KB
physical id	: 0
siblings	: 4
core id		: 1
cpu cores	: 2
apicid		: 3
initial apicid	: 3
fpu		: yes
fpu_exception	: yes
cpuid level	: 20
wp		: yes
flags		: fpu vme de pse tsc msr pae mce cx8 apic sep mtrr pge mca cmov pat pse36 clflush dts acpi mmx fxsr sse sse2 ss ht tm pbe syscall nx pdpe1gb rdtscp lm constant_tsc arch_perfmon pebs bts rep_good nopl xtopology nonstop_tsc aperfmperf eagerfpu pni pclmulqdq dtes64 monitor ds_cpl vmx est tm2 ssse3 fma cx16 xtpr pdcm pcid sse4_1 sse4_2 x2apic movbe popcnt tsc_deadline_timer aes xsave avx f16c rdrand lahf_lm abm 3dnowprefetch ida arat epb pln pts dtherm intel_pt tpr_shadow vnmi flexpriority ept vpid fsgsbase tsc_adjust bmi1 avx2 smep bmi2 erms invpcid rdseed adx smap xsaveopt
bugs		:
bogomips	: 4389.61
clflush size	: 64
cache_alignment	: 64
address sizes	: 39 bits physical, 48 bits virtual
power management:



Memory: 4k page, physical 3947464k(103092k free), swap 1000444k(48k free)

vm_info: Java HotSpot(TM) 64-Bit Server VM (25.73-b02) for linux-amd64 JRE (1.8.0_73-b02), built on Jan 29 2016 17:39:45 by "java_re" with gcc 4.3.0 20080428 (Red Hat 4.3.0-8)

time: Wed Oct  5 17:34:45 2016
elapsed time: 11 seconds (0d 0h 0m 11s)

