#
# There is insufficient memory for the Java Runtime Environment to continue.
# Native memory allocation (mmap) failed to map 145752064 bytes for committing reserved memory.
# Possible reasons:
#   The system is out of physical RAM or swap space
#   In 32 bit mode, the process size limit was hit
# Possible solutions:
#   Reduce memory load on the system
#   Increase physical memory or swap space
#   Check if swap backing store is full
#   Use 64 bit Java on a 64 bit OS
#   Decrease Java heap size (-Xmx/-Xms)
#   Decrease number of Java threads
#   Decrease Java thread stack sizes (-Xss)
#   Set larger code cache with -XX:ReservedCodeCacheSize=
# This output file may be truncated or incomplete.
#
#  Out of Memory Error (os_linux.cpp:2627), pid=22125, tid=140262923810560
#
# JRE version: Java(TM) SE Runtime Environment (8.0_73-b02) (build 1.8.0_73-b02)
# Java VM: Java HotSpot(TM) 64-Bit Server VM (25.73-b02 mixed mode linux-amd64 compressed oops)
# Failed to write core dump. Core dumps have been disabled. To enable core dumping, try "ulimit -c unlimited" before starting Java again
#

---------------  T H R E A D  ---------------

Current thread (0x00007f9198078000):  VMThread [stack: 0x00007f9181afb000,0x00007f9181bfc000] [id=22148]

Stack: [0x00007f9181afb000,0x00007f9181bfc000],  sp=0x00007f9181bfa260,  free space=1020k
Native frames: (J=compiled Java code, j=interpreted, Vv=VM code, C=native code)
V  [libjvm.so+0xaba71a]  VMError::report_and_die()+0x2ba
V  [libjvm.so+0x4f9ecb]  report_vm_out_of_memory(char const*, int, unsigned long, VMErrorType, char const*)+0x8b
V  [libjvm.so+0x91b553]  os::Linux::commit_memory_impl(char*, unsigned long, bool)+0x103
V  [libjvm.so+0x91baa9]  os::pd_commit_memory(char*, unsigned long, unsigned long, bool)+0x29
V  [libjvm.so+0x915dba]  os::commit_memory(char*, unsigned long, unsigned long, bool)+0x2a
V  [libjvm.so+0x989463]  PSVirtualSpace::expand_by(unsigned long)+0x53
V  [libjvm.so+0x98a868]  PSYoungGen::resize_generation(unsigned long, unsigned long)+0xf8
V  [libjvm.so+0x9899c2]  PSYoungGen::resize(unsigned long, unsigned long)+0x22
V  [libjvm.so+0x986c9b]  PSScavenge::invoke_no_policy()+0xf3b
V  [libjvm.so+0x987421]  PSScavenge::invoke()+0x41
V  [libjvm.so+0x93f1b0]  ParallelScavengeHeap::failed_mem_allocate(unsigned long)+0x70
V  [libjvm.so+0xabc137]  VM_ParallelGCFailedAllocation::doit()+0x97
V  [libjvm.so+0xac3b65]  VM_Operation::evaluate()+0x55
V  [libjvm.so+0xac1f3a]  VMThread::evaluate_operation(VM_Operation*)+0xba
V  [libjvm.so+0xac22be]  VMThread::loop()+0x1ce
V  [libjvm.so+0xac2730]  VMThread::run()+0x70
V  [libjvm.so+0x91d918]  java_start(Thread*)+0x108

VM_Operation (0x00007f9180b0db90): ParallelGCFailedAllocation, mode: safepoint, requested by thread 0x00007f919814e000


---------------  P R O C E S S  ---------------

Java Threads: ( => current thread )
  0x00007f919814e000 JavaThread "pool-1-thread-1" [_thread_blocked, id=22281, stack(0x00007f9180a0f000,0x00007f9180b10000)]
  0x00007f91980c0000 JavaThread "Service Thread" daemon [_thread_blocked, id=22160, stack(0x00007f9180d12000,0x00007f9180e13000)]
  0x00007f91980bd000 JavaThread "C1 CompilerThread2" daemon [_thread_blocked, id=22159, stack(0x00007f9180e13000,0x00007f9180f14000)]
  0x00007f91980bb800 JavaThread "C2 CompilerThread1" daemon [_thread_blocked, id=22158, stack(0x00007f9180f14000,0x00007f9181015000)]
  0x00007f91980b8800 JavaThread "C2 CompilerThread0" daemon [_thread_blocked, id=22157, stack(0x00007f9181015000,0x00007f9181116000)]
  0x00007f91980b7000 JavaThread "Signal Dispatcher" daemon [_thread_blocked, id=22156, stack(0x00007f9181116000,0x00007f9181217000)]
  0x00007f919807f000 JavaThread "Finalizer" daemon [_thread_blocked, id=22154, stack(0x00007f91818f9000,0x00007f91819fa000)]
  0x00007f919807d000 JavaThread "Reference Handler" daemon [_thread_blocked, id=22153, stack(0x00007f91819fa000,0x00007f9181afb000)]
  0x00007f919800a000 JavaThread "main" [_thread_blocked, id=22129, stack(0x00007f91a023b000,0x00007f91a033c000)]

Other Threads:
=>0x00007f9198078000 VMThread [stack: 0x00007f9181afb000,0x00007f9181bfc000] [id=22148]
  0x00007f91980c3000 WatcherThread [stack: 0x00007f9180c11000,0x00007f9180d12000] [id=22164]

VM state:at safepoint (normal execution)

VM Mutex/Monitor currently owned by a thread:  ([mutex/lock_event])
[0x00007f91980067f0] Threads_lock - owner thread: 0x00007f9198078000
[0x00007f9198006cf0] Heap_lock - owner thread: 0x00007f919814e000

Heap:
 PSYoungGen      total 140288K, used 14825K [0x00000000eab00000, 0x00000000f4400000, 0x0000000100000000)
  eden space 125440K, 0% used [0x00000000eab00000,0x00000000eab00000,0x00000000f2580000)
  from space 14848K, 99% used [0x00000000f2580000,0x00000000f33fa6a8,0x00000000f3400000)
  to   space 13312K, 0% used [0x00000000f3400000,0x00000000f3400000,0x00000000f4100000)
 ParOldGen       total 42496K, used 35795K [0x00000000c0000000, 0x00000000c2980000, 0x00000000eab00000)
  object space 42496K, 84% used [0x00000000c0000000,0x00000000c22f4cb8,0x00000000c2980000)
 Metaspace       used 6588K, capacity 7416K, committed 7680K, reserved 1056768K
  class space    used 631K, capacity 688K, committed 768K, reserved 1048576K

Card table byte_map: [0x00007f919cdfb000,0x00007f919cffc000] byte_map_base: 0x00007f919c7fb000

Marking Bits: (ParMarkBitMap*) 0x00007f919f710100
 Begin Bits: [0x00007f9182000000, 0x00007f9183000000)
 End Bits:   [0x00007f9183000000, 0x00007f9184000000)

Polling page: 0x00007f91a0357000

CodeCache: size=245760Kb used=7595Kb max_used=7600Kb free=238164Kb
 bounds [0x00007f9189000000, 0x00007f9189780000, 0x00007f9198000000]
 total_blobs=2276 nmethods=2008 adapters=182
 compilation: enabled

Compilation events (10 events):
Event: 10.799 Thread 0x00007f91980b8800 2380       4       com.android.dx.rop.code.RegisterSpecList::set (7 bytes)
Event: 10.799 Thread 0x00007f91980bd000 2418       2       com.android.dx.dex.code.LocalList$MakeState::checkForEmptyRange (198 bytes)
Event: 10.800 Thread 0x00007f91980b8800 nmethod 2380 0x00007f91897524d0 code [0x00007f9189752620, 0x00007f9189752738]
Event: 10.800 Thread 0x00007f91980b8800 1915   !   4       com.android.dx.cf.cst.ConstantPoolParser::parse0 (731 bytes)
Event: 10.801 Thread 0x00007f91980bd000 nmethod 2418 0x00007f9189771b50 code [0x00007f9189771dc0, 0x00007f9189772888]
Event: 10.801 Thread 0x00007f91980bd000 2419       2       com.android.dx.dex.code.LocalList$MakeState::endLocal (51 bytes)
Event: 10.801 Thread 0x00007f91980bd000 nmethod 2419 0x00007f9189751d90 code [0x00007f9189751f40, 0x00007f9189752288]
Event: 10.801 Thread 0x00007f91980bd000 2421       1       com.android.dx.rop.cst.CstKnownNull::fitsInInt (2 bytes)
Event: 10.801 Thread 0x00007f91980bd000 nmethod 2421 0x00007f9189751ad0 code [0x00007f9189751c20, 0x00007f9189751d30]
Event: 10.801 Thread 0x00007f91980bd000 2423 %     3       com.android.dx.dex.code.StdCatchBuilder::build @ 33 (262 bytes)

GC Heap History (10 events):
Event: 3.593 GC heap after
Heap after GC invocations=2 (full 0):
 PSYoungGen      total 34304K, used 2536K [0x00000000eab00000, 0x00000000ecf00000, 0x0000000100000000)
  eden space 31744K, 0% used [0x00000000eab00000,0x00000000eab00000,0x00000000eca00000)
  from space 2560K, 99% used [0x00000000ecc80000,0x00000000ecefa2e8,0x00000000ecf00000)
  to   space 2560K, 0% used [0x00000000eca00000,0x00000000eca00000,0x00000000ecc80000)
 ParOldGen       total 42496K, used 2757K [0x00000000c0000000, 0x00000000c2980000, 0x00000000eab00000)
  object space 42496K, 6% used [0x00000000c0000000,0x00000000c02b1688,0x00000000c2980000)
 Metaspace       used 5744K, capacity 6704K, committed 6784K, reserved 1056768K
  class space    used 591K, capacity 616K, committed 640K, reserved 1048576K
}
Event: 4.580 GC heap before
{Heap before GC invocations=3 (full 0):
 PSYoungGen      total 34304K, used 34280K [0x00000000eab00000, 0x00000000ecf00000, 0x0000000100000000)
  eden space 31744K, 100% used [0x00000000eab00000,0x00000000eca00000,0x00000000eca00000)
  from space 2560K, 99% used [0x00000000ecc80000,0x00000000ecefa2e8,0x00000000ecf00000)
  to   space 2560K, 0% used [0x00000000eca00000,0x00000000eca00000,0x00000000ecc80000)
 ParOldGen       total 42496K, used 2757K [0x00000000c0000000, 0x00000000c2980000, 0x00000000eab00000)
  object space 42496K, 6% used [0x00000000c0000000,0x00000000c02b1688,0x00000000c2980000)
 Metaspace       used 5847K, capacity 6832K, committed 7040K, reserved 1056768K
  class space    used 592K, capacity 616K, committed 640K, reserved 1048576K
Event: 4.634 GC heap after
Heap after GC invocations=3 (full 0):
 PSYoungGen      total 34304K, used 2552K [0x00000000eab00000, 0x00000000eee00000, 0x0000000100000000)
  eden space 31744K, 0% used [0x00000000eab00000,0x00000000eab00000,0x00000000eca00000)
  from space 2560K, 99% used [0x00000000eca00000,0x00000000ecc7e3e8,0x00000000ecc80000)
  to   space 2560K, 0% used [0x00000000eeb80000,0x00000000eeb80000,0x00000000eee00000)
 ParOldGen       total 42496K, used 7684K [0x00000000c0000000, 0x00000000c2980000, 0x00000000eab00000)
  object space 42496K, 18% used [0x00000000c0000000,0x00000000c07810d0,0x00000000c2980000)
 Metaspace       used 5847K, capacity 6832K, committed 7040K, reserved 1056768K
  class space    used 592K, capacity 616K, committed 640K, reserved 1048576K
}
Event: 5.172 GC heap before
{Heap before GC invocations=4 (full 0):
 PSYoungGen      total 34304K, used 34296K [0x00000000eab00000, 0x00000000eee00000, 0x0000000100000000)
  eden space 31744K, 100% used [0x00000000eab00000,0x00000000eca00000,0x00000000eca00000)
  from space 2560K, 99% used [0x00000000eca00000,0x00000000ecc7e3e8,0x00000000ecc80000)
  to   space 2560K, 0% used [0x00000000eeb80000,0x00000000eeb80000,0x00000000eee00000)
 ParOldGen       total 42496K, used 7684K [0x00000000c0000000, 0x00000000c2980000, 0x00000000eab00000)
  object space 42496K, 18% used [0x00000000c0000000,0x00000000c07810d0,0x00000000c2980000)
 Metaspace       used 5868K, capacity 6832K, committed 7040K, reserved 1056768K
  class space    used 592K, capacity 616K, committed 640K, reserved 1048576K
Event: 5.234 GC heap after
Heap after GC invocations=4 (full 0):
 PSYoungGen      total 66048K, used 2536K [0x00000000eab00000, 0x00000000eee00000, 0x0000000100000000)
  eden space 63488K, 0% used [0x00000000eab00000,0x00000000eab00000,0x00000000ee900000)
  from space 2560K, 99% used [0x00000000eeb80000,0x00000000eedfa2f0,0x00000000eee00000)
  to   space 2560K, 0% used [0x00000000ee900000,0x00000000ee900000,0x00000000eeb80000)
 ParOldGen       total 42496K, used 12812K [0x00000000c0000000, 0x00000000c2980000, 0x00000000eab00000)
  object space 42496K, 30% used [0x00000000c0000000,0x00000000c0c83318,0x00000000c2980000)
 Metaspace       used 5868K, capacity 6832K, committed 7040K, reserved 1056768K
  class space    used 592K, capacity 616K, committed 640K, reserved 1048576K
}
Event: 6.114 GC heap before
{Heap before GC invocations=5 (full 0):
 PSYoungGen      total 66048K, used 66024K [0x00000000eab00000, 0x00000000eee00000, 0x0000000100000000)
  eden space 63488K, 100% used [0x00000000eab00000,0x00000000ee900000,0x00000000ee900000)
  from space 2560K, 99% used [0x00000000eeb80000,0x00000000eedfa2f0,0x00000000eee00000)
  to   space 2560K, 0% used [0x00000000ee900000,0x00000000ee900000,0x00000000eeb80000)
 ParOldGen       total 42496K, used 12812K [0x00000000c0000000, 0x00000000c2980000, 0x00000000eab00000)
  object space 42496K, 30% used [0x00000000c0000000,0x00000000c0c83318,0x00000000c2980000)
 Metaspace       used 5910K, capacity 6896K, committed 7040K, reserved 1056768K
  class space    used 592K, capacity 616K, committed 640K, reserved 1048576K
Event: 6.230 GC heap after
Heap after GC invocations=5 (full 0):
 PSYoungGen      total 66048K, used 2537K [0x00000000eab00000, 0x00000000f4100000, 0x0000000100000000)
  eden space 63488K, 0% used [0x00000000eab00000,0x00000000eab00000,0x00000000ee900000)
  from space 2560K, 99% used [0x00000000ee900000,0x00000000eeb7a498,0x00000000eeb80000)
  to   space 13312K, 0% used [0x00000000f3400000,0x00000000f3400000,0x00000000f4100000)
 ParOldGen       total 42496K, used 22679K [0x00000000c0000000, 0x00000000c2980000, 0x00000000eab00000)
  object space 42496K, 53% used [0x00000000c0000000,0x00000000c1625cc8,0x00000000c2980000)
 Metaspace       used 5910K, capacity 6896K, committed 7040K, reserved 1056768K
  class space    used 592K, capacity 616K, committed 640K, reserved 1048576K
}
Event: 7.304 GC heap before
{Heap before GC invocations=6 (full 0):
 PSYoungGen      total 66048K, used 66025K [0x00000000eab00000, 0x00000000f4100000, 0x0000000100000000)
  eden space 63488K, 100% used [0x00000000eab00000,0x00000000ee900000,0x00000000ee900000)
  from space 2560K, 99% used [0x00000000ee900000,0x00000000eeb7a498,0x00000000eeb80000)
  to   space 13312K, 0% used [0x00000000f3400000,0x00000000f3400000,0x00000000f4100000)
 ParOldGen       total 42496K, used 22679K [0x00000000c0000000, 0x00000000c2980000, 0x00000000eab00000)
  object space 42496K, 53% used [0x00000000c0000000,0x00000000c1625cc8,0x00000000c2980000)
 Metaspace       used 6096K, capacity 7000K, committed 7168K, reserved 1056768K
  class space    used 612K, capacity 656K, committed 768K, reserved 1048576K
Event: 7.391 GC heap after
Heap after GC invocations=6 (full 0):
 PSYoungGen      total 138752K, used 11332K [0x00000000eab00000, 0x00000000f4400000, 0x0000000100000000)
  eden space 125440K, 0% used [0x00000000eab00000,0x00000000eab00000,0x00000000f2580000)
  from space 13312K, 85% used [0x00000000f3400000,0x00000000f3f112d0,0x00000000f4100000)
  to   space 14848K, 0% used [0x00000000f2580000,0x00000000f2580000,0x00000000f3400000)
 ParOldGen       total 42496K, used 22679K [0x00000000c0000000, 0x00000000c2980000, 0x00000000eab00000)
  object space 42496K, 53% used [0x00000000c0000000,0x00000000c1625cc8,0x00000000c2980000)
 Metaspace       used 6096K, capacity 7000K, committed 7168K, reserved 1056768K
  class space    used 612K, capacity 656K, committed 768K, reserved 1048576K
}
Event: 10.806 GC heap before
{Heap before GC invocations=7 (full 0):
 PSYoungGen      total 138752K, used 136772K [0x00000000eab00000, 0x00000000f4400000, 0x0000000100000000)
  eden space 125440K, 100% used [0x00000000eab00000,0x00000000f2580000,0x00000000f2580000)
  from space 13312K, 85% used [0x00000000f3400000,0x00000000f3f112d0,0x00000000f4100000)
  to   space 14848K, 0% used [0x00000000f2580000,0x00000000f2580000,0x00000000f3400000)
 ParOldGen       total 42496K, used 22679K [0x00000000c0000000, 0x00000000c2980000, 0x00000000eab00000)
  object space 42496K, 53% used [0x00000000c0000000,0x00000000c1625cc8,0x00000000c2980000)
 Metaspace       used 6588K, capacity 7416K, committed 7680K, reserved 1056768K
  class space    used 631K, capacity 688K, committed 768K, reserved 1048576K

Deoptimization events (10 events):
Event: 7.038 Thread 0x00007f919800a000 Uncommon trap: reason=bimorphic action=maybe_recompile pc=0x00007f918953683c method=com.android.dx.cf.code.BytecodeArray.parseInstruction(ILcom/android/dx/cf/code/BytecodeArray$Visitor;)I @ 955
Event: 7.038 Thread 0x00007f919800a000 Uncommon trap: reason=bimorphic action=maybe_recompile pc=0x00007f918953683c method=com.android.dx.cf.code.BytecodeArray.parseInstruction(ILcom/android/dx/cf/code/BytecodeArray$Visitor;)I @ 955
Event: 7.827 Thread 0x00007f9198149800 Uncommon trap: reason=unstable_if action=reinterpret pc=0x00007f91893920cc method=com.android.dx.dex.code.OutputFinisher.hasLocalInfo(Lcom/android/dx/dex/code/DalvInsn;)Z @ 24
Event: 9.089 Thread 0x00007f919814e000 Uncommon trap: reason=class_check action=maybe_recompile pc=0x00007f91894442fc method=java.util.Arrays.hashCode([Ljava/lang/Object;)I @ 43
Event: 9.089 Thread 0x00007f919814e000 Uncommon trap: reason=class_check action=maybe_recompile pc=0x00007f91894442fc method=java.util.Arrays.hashCode([Ljava/lang/Object;)I @ 43
Event: 9.089 Thread 0x00007f919814e000 Uncommon trap: reason=class_check action=maybe_recompile pc=0x00007f91894442fc method=java.util.Arrays.hashCode([Ljava/lang/Object;)I @ 43
Event: 9.089 Thread 0x00007f919814e000 Uncommon trap: reason=class_check action=maybe_recompile pc=0x00007f91894442fc method=java.util.Arrays.hashCode([Ljava/lang/Object;)I @ 43
Event: 9.089 Thread 0x00007f919814e000 Uncommon trap: reason=class_check action=maybe_recompile pc=0x00007f9189409134 method=java.util.Arrays.hashCode([Ljava/lang/Object;)I @ 43
Event: 10.333 Thread 0x00007f919814e000 Uncommon trap: reason=unstable_if action=reinterpret pc=0x00007f918930311c method=java.util.Arrays.equals([Ljava/lang/Object;[Ljava/lang/Object;)Z @ 23
Event: 10.599 Thread 0x00007f919814e000 Uncommon trap: reason=unstable_if action=reinterpret pc=0x00007f918972bb1c method=java.util.TreeMap.put(Ljava/lang/Object;Ljava/lang/Object;)Ljava/lang/Object; @ 163

Internal exceptions (7 events):
Event: 0.146 Thread 0x00007f919800a000 Exception <a 'java/lang/NoSuchMethodError': Method sun.misc.Unsafe.defineClass(Ljava/lang/String;[BII)Ljava/lang/Class; name or signature does not match> (0x00000000eab12be8) thrown at [/HUDSON3/workspace/8-2-build-linux-amd64/jdk8u73/6086/hotspot/src/sha
Event: 0.146 Thread 0x00007f919800a000 Exception <a 'java/lang/NoSuchMethodError': Method sun.misc.Unsafe.prefetchRead(Ljava/lang/Object;J)V name or signature does not match> (0x00000000eab12ed0) thrown at [/HUDSON3/workspace/8-2-build-linux-amd64/jdk8u73/6086/hotspot/src/share/vm/prims/jni.cp
Event: 3.735 Thread 0x00007f9198149800 Implicit null exception at 0x00007f91892b75b3 to 0x00007f91892b9935
Event: 3.779 Thread 0x00007f919814f800 Implicit null exception at 0x00007f918929586d to 0x00007f9189297bc5
Event: 6.272 Thread 0x00007f919800a000 Exception <a 'java/lang/ArrayIndexOutOfBoundsException': 18> (0x00000000eacb0378) thrown at [/HUDSON3/workspace/8-2-build-linux-amd64/jdk8u73/6086/hotspot/src/share/vm/interpreter/interpreterRuntime.cpp, line 366]
Event: 6.273 Thread 0x00007f919800a000 Exception <a 'java/lang/ArrayIndexOutOfBoundsException': 145> (0x00000000eacb1ef8) thrown at [/HUDSON3/workspace/8-2-build-linux-amd64/jdk8u73/6086/hotspot/src/share/vm/interpreter/interpreterRuntime.cpp, line 366]
Event: 6.273 Thread 0x00007f919800a000 Exception <a 'java/lang/ArrayIndexOutOfBoundsException': 40> (0x00000000eacb31e0) thrown at [/HUDSON3/workspace/8-2-build-linux-amd64/jdk8u73/6086/hotspot/src/share/vm/interpreter/interpreterRuntime.cpp, line 366]

Events (10 events):
Event: 10.599 Thread 0x00007f919814e000 Uncommon trap: trap_request=0xffffff65 fr.pc=0x00007f918972bb1c
Event: 10.599 Thread 0x00007f919814e000 DEOPT PACKING pc=0x00007f918972bb1c sp=0x00007f9180b0dfb0
Event: 10.599 Thread 0x00007f919814e000 DEOPT UNPACKING pc=0x00007f9189005229 sp=0x00007f9180b0df70 mode 2
Event: 10.668 Thread 0x00007f919814e000 DEOPT PACKING pc=0x00007f91896e3622 sp=0x00007f9180b0dd80
Event: 10.668 Thread 0x00007f919814e000 DEOPT UNPACKING pc=0x00007f9189047633 sp=0x00007f9180b0db20 mode 0
Event: 10.707 Thread 0x00007f919814e000 DEOPT PACKING pc=0x00007f91896fde79 sp=0x00007f9180b0dec0
Event: 10.707 Thread 0x00007f919814e000 DEOPT UNPACKING pc=0x00007f9189047633 sp=0x00007f9180b0dc68 mode 0
Event: 10.770 Thread 0x00007f919814e000 DEOPT PACKING pc=0x00007f918970527d sp=0x00007f9180b0ddd0
Event: 10.770 Thread 0x00007f919814e000 DEOPT UNPACKING pc=0x00007f9189047633 sp=0x00007f9180b0db18 mode 0
Event: 10.806 Executing VM operation: ParallelGCFailedAllocation


Dynamic libraries:
00400000-00401000 r-xp 00000000 08:07 157243                             /usr/lib/jvm/JDK/jdk1.8.0_73/bin/java
00600000-00601000 rw-p 00000000 08:07 157243                             /usr/lib/jvm/JDK/jdk1.8.0_73/bin/java
016fa000-0171b000 rw-p 00000000 00:00 0                                  [heap]
c0000000-c2980000 rw-p 00000000 00:00 0 
c2980000-eab00000 ---p 00000000 00:00 0 
eab00000-f4400000 rw-p 00000000 00:00 0 
fcf00000-100000000 ---p 00000000 00:00 0 
100000000-1000c0000 rw-p 00000000 00:00 0 
1000c0000-140000000 ---p 00000000 00:00 0 
7f913c000000-7f913c021000 rw-p 00000000 00:00 0 
7f913c021000-7f9140000000 ---p 00000000 00:00 0 
7f9140000000-7f9140021000 rw-p 00000000 00:00 0 
7f9140021000-7f9144000000 ---p 00000000 00:00 0 
7f9144000000-7f9144021000 rw-p 00000000 00:00 0 
7f9144021000-7f9148000000 ---p 00000000 00:00 0 
7f9148000000-7f914803a000 rw-p 00000000 00:00 0 
7f914803a000-7f914c000000 ---p 00000000 00:00 0 
7f914c000000-7f914c021000 rw-p 00000000 00:00 0 
7f914c021000-7f9150000000 ---p 00000000 00:00 0 
7f9150000000-7f9150039000 rw-p 00000000 00:00 0 
7f9150039000-7f9154000000 ---p 00000000 00:00 0 
7f9154000000-7f9154bd4000 rw-p 00000000 00:00 0 
7f9154bd4000-7f9158000000 ---p 00000000 00:00 0 
7f9158000000-7f9158021000 rw-p 00000000 00:00 0 
7f9158021000-7f915c000000 ---p 00000000 00:00 0 
7f915c000000-7f915cfb4000 rw-p 00000000 00:00 0 
7f915cfb4000-7f9160000000 ---p 00000000 00:00 0 
7f9160000000-7f91610b9000 rw-p 00000000 00:00 0 
7f91610b9000-7f9164000000 ---p 00000000 00:00 0 
7f9164000000-7f9164021000 rw-p 00000000 00:00 0 
7f9164021000-7f9168000000 ---p 00000000 00:00 0 
7f9168000000-7f9168021000 rw-p 00000000 00:00 0 
7f9168021000-7f916c000000 ---p 00000000 00:00 0 
7f916c000000-7f916c28e000 rw-p 00000000 00:00 0 
7f916c28e000-7f9170000000 ---p 00000000 00:00 0 
7f9170000000-7f9170021000 rw-p 00000000 00:00 0 
7f9170021000-7f9174000000 ---p 00000000 00:00 0 
7f9174000000-7f9174021000 rw-p 00000000 00:00 0 
7f9174021000-7f9178000000 ---p 00000000 00:00 0 
7f9178000000-7f9178021000 rw-p 00000000 00:00 0 
7f9178021000-7f917c000000 ---p 00000000 00:00 0 
7f917c000000-7f917c021000 rw-p 00000000 00:00 0 
7f917c021000-7f9180000000 ---p 00000000 00:00 0 
7f918070c000-7f918070f000 ---p 00000000 00:00 0 
7f918070f000-7f918080d000 rw-p 00000000 00:00 0 
7f918080d000-7f9180810000 ---p 00000000 00:00 0 
7f9180810000-7f918090e000 rw-p 00000000 00:00 0 
7f918090e000-7f9180911000 ---p 00000000 00:00 0 
7f9180911000-7f9180a0f000 rw-p 00000000 00:00 0 
7f9180a0f000-7f9180a12000 ---p 00000000 00:00 0 
7f9180a12000-7f9180b10000 rw-p 00000000 00:00 0 
7f9180b10000-7f9180b13000 ---p 00000000 00:00 0 
7f9180b13000-7f9180c11000 rw-p 00000000 00:00 0 
7f9180c11000-7f9180c12000 ---p 00000000 00:00 0 
7f9180c12000-7f9180d12000 rw-p 00000000 00:00 0 
7f9180d12000-7f9180d15000 ---p 00000000 00:00 0 
7f9180d15000-7f9180e13000 rw-p 00000000 00:00 0 
7f9180e13000-7f9180e16000 ---p 00000000 00:00 0 
7f9180e16000-7f9180f14000 rw-p 00000000 00:00 0 
7f9180f14000-7f9180f17000 ---p 00000000 00:00 0 
7f9180f17000-7f9181015000 rw-p 00000000 00:00 0 
7f9181015000-7f9181018000 ---p 00000000 00:00 0 
7f9181018000-7f9181116000 rw-p 00000000 00:00 0 
7f9181116000-7f9181119000 ---p 00000000 00:00 0 
7f9181119000-7f9181217000 rw-p 00000000 00:00 0 
7f9181217000-7f91818f9000 r--p 00000000 08:07 1059366                    /usr/lib/locale/locale-archive
7f91818f9000-7f91818fc000 ---p 00000000 00:00 0 
7f91818fc000-7f91819fa000 rw-p 00000000 00:00 0 
7f91819fa000-7f91819fd000 ---p 00000000 00:00 0 
7f91819fd000-7f9181afb000 rw-p 00000000 00:00 0 
7f9181afb000-7f9181afc000 ---p 00000000 00:00 0 
7f9181afc000-7f9184000000 rw-p 00000000 00:00 0 
7f9184000000-7f9184021000 rw-p 00000000 00:00 0 
7f9184021000-7f9188000000 ---p 00000000 00:00 0 
7f9188066000-7f9188087000 r--p 00000000 08:07 145469                     /usr/share/locale-langpack/zh_CN/LC_MESSAGES/libc.mo
7f9188087000-7f9188096000 r--s 000df000 08:0a 920815                     /home/xiaoming/Android/Sdk/build-tools/23.0.3/lib/dx.jar
7f9188096000-7f9188ec0000 rw-p 00000000 00:00 0 
7f9188ec0000-7f9189000000 ---p 00000000 00:00 0 
7f9189000000-7f9189780000 rwxp 00000000 00:00 0 
7f9189780000-7f9198000000 ---p 00000000 00:00 0 
7f9198000000-7f919838e000 rw-p 00000000 00:00 0 
7f919838e000-7f919c000000 ---p 00000000 00:00 0 
7f919c000000-7f919c453000 rw-p 00000000 00:00 0 
7f919c453000-7f919c62b000 r--s 03d23000 08:07 157622                     /usr/lib/jvm/JDK/jdk1.8.0_73/jre/lib/rt.jar
7f919c62b000-7f919c8a1000 rw-p 00000000 00:00 0 
7f919c8a1000-7f919c8a2000 ---p 00000000 00:00 0 
7f919c8a2000-7f919c9a2000 rw-p 00000000 00:00 0 
7f919c9a2000-7f919c9a3000 ---p 00000000 00:00 0 
7f919c9a3000-7f919caa3000 rw-p 00000000 00:00 0 
7f919caa3000-7f919caa4000 ---p 00000000 00:00 0 
7f919caa4000-7f919cba4000 rw-p 00000000 00:00 0 
7f919cba4000-7f919cba5000 ---p 00000000 00:00 0 
7f919cba5000-7f919ccba000 rw-p 00000000 00:00 0 
7f919ccba000-7f919cdfb000 ---p 00000000 00:00 0 
7f919cdfb000-7f919ce10000 rw-p 00000000 00:00 0 
7f919ce10000-7f919cf50000 ---p 00000000 00:00 0 
7f919cf50000-7f919cf9d000 rw-p 00000000 00:00 0 
7f919cf9d000-7f919cffb000 ---p 00000000 00:00 0 
7f919cffb000-7f919d01a000 rw-p 00000000 00:00 0 
7f919d01a000-7f919d3bc000 ---p 00000000 00:00 0 
7f919d3bc000-7f919d3d6000 r-xp 00000000 08:07 157495                     /usr/lib/jvm/JDK/jdk1.8.0_73/jre/lib/amd64/libzip.so
7f919d3d6000-7f919d5d6000 ---p 0001a000 08:07 157495                     /usr/lib/jvm/JDK/jdk1.8.0_73/jre/lib/amd64/libzip.so
7f919d5d6000-7f919d5d7000 rw-p 0001a000 08:07 157495                     /usr/lib/jvm/JDK/jdk1.8.0_73/jre/lib/amd64/libzip.so
7f919d5d7000-7f919d5e1000 r-xp 00000000 08:07 678228                     /lib/x86_64-linux-gnu/libnss_files-2.19.so
7f919d5e1000-7f919d7e0000 ---p 0000a000 08:07 678228                     /lib/x86_64-linux-gnu/libnss_files-2.19.so
7f919d7e0000-7f919d7e1000 r--p 00009000 08:07 678228                     /lib/x86_64-linux-gnu/libnss_files-2.19.so
7f919d7e1000-7f919d7e2000 rw-p 0000a000 08:07 678228                     /lib/x86_64-linux-gnu/libnss_files-2.19.so
7f919d7e2000-7f919d7ed000 r-xp 00000000 08:07 678214                     /lib/x86_64-linux-gnu/libnss_nis-2.19.so
7f919d7ed000-7f919d9ec000 ---p 0000b000 08:07 678214                     /lib/x86_64-linux-gnu/libnss_nis-2.19.so
7f919d9ec000-7f919d9ed000 r--p 0000a000 08:07 678214                     /lib/x86_64-linux-gnu/libnss_nis-2.19.so
7f919d9ed000-7f919d9ee000 rw-p 0000b000 08:07 678214                     /lib/x86_64-linux-gnu/libnss_nis-2.19.so
7f919d9ee000-7f919da05000 r-xp 00000000 08:07 678203                     /lib/x86_64-linux-gnu/libnsl-2.19.so
7f919da05000-7f919dc04000 ---p 00017000 08:07 678203                     /lib/x86_64-linux-gnu/libnsl-2.19.so
7f919dc04000-7f919dc05000 r--p 00016000 08:07 678203                     /lib/x86_64-linux-gnu/libnsl-2.19.so
7f919dc05000-7f919dc06000 rw-p 00017000 08:07 678203                     /lib/x86_64-linux-gnu/libnsl-2.19.so
7f919dc06000-7f919dc08000 rw-p 00000000 00:00 0 
7f919dc08000-7f919dc11000 r-xp 00000000 08:07 678202                     /lib/x86_64-linux-gnu/libnss_compat-2.19.so
7f919dc11000-7f919de10000 ---p 00009000 08:07 678202                     /lib/x86_64-linux-gnu/libnss_compat-2.19.so
7f919de10000-7f919de11000 r--p 00008000 08:07 678202                     /lib/x86_64-linux-gnu/libnss_compat-2.19.so
7f919de11000-7f919de12000 rw-p 00009000 08:07 678202                     /lib/x86_64-linux-gnu/libnss_compat-2.19.so
7f919de12000-7f919de3c000 r-xp 00000000 08:07 157527                     /usr/lib/jvm/JDK/jdk1.8.0_73/jre/lib/amd64/libjava.so
7f919de3c000-7f919e03c000 ---p 0002a000 08:07 157527                     /usr/lib/jvm/JDK/jdk1.8.0_73/jre/lib/amd64/libjava.so
7f919e03c000-7f919e03e000 rw-p 0002a000 08:07 157527                     /usr/lib/jvm/JDK/jdk1.8.0_73/jre/lib/amd64/libjava.so
7f919e03e000-7f919e04b000 r-xp 00000000 08:07 157508                     /usr/lib/jvm/JDK/jdk1.8.0_73/jre/lib/amd64/libverify.so
7f919e04b000-7f919e24b000 ---p 0000d000 08:07 157508                     /usr/lib/jvm/JDK/jdk1.8.0_73/jre/lib/amd64/libverify.so
7f919e24b000-7f919e24d000 rw-p 0000d000 08:07 157508                     /usr/lib/jvm/JDK/jdk1.8.0_73/jre/lib/amd64/libverify.so
7f919e24d000-7f919e254000 r-xp 00000000 08:07 678220                     /lib/x86_64-linux-gnu/librt-2.19.so
7f919e254000-7f919e453000 ---p 00007000 08:07 678220                     /lib/x86_64-linux-gnu/librt-2.19.so
7f919e453000-7f919e454000 r--p 00006000 08:07 678220                     /lib/x86_64-linux-gnu/librt-2.19.so
7f919e454000-7f919e455000 rw-p 00007000 08:07 678220                     /lib/x86_64-linux-gnu/librt-2.19.so
7f919e455000-7f919e55a000 r-xp 00000000 08:07 678185                     /lib/x86_64-linux-gnu/libm-2.19.so
7f919e55a000-7f919e759000 ---p 00105000 08:07 678185                     /lib/x86_64-linux-gnu/libm-2.19.so
7f919e759000-7f919e75a000 r--p 00104000 08:07 678185                     /lib/x86_64-linux-gnu/libm-2.19.so
7f919e75a000-7f919e75b000 rw-p 00105000 08:07 678185                     /lib/x86_64-linux-gnu/libm-2.19.so
7f919e75b000-7f919f41a000 r-xp 00000000 08:07 157531                     /usr/lib/jvm/JDK/jdk1.8.0_73/jre/lib/amd64/server/libjvm.so
7f919f41a000-7f919f619000 ---p 00cbf000 08:07 157531                     /usr/lib/jvm/JDK/jdk1.8.0_73/jre/lib/amd64/server/libjvm.so
7f919f619000-7f919f6f2000 rw-p 00cbe000 08:07 157531                     /usr/lib/jvm/JDK/jdk1.8.0_73/jre/lib/amd64/server/libjvm.so
7f919f6f2000-7f919f73b000 rw-p 00000000 00:00 0 
7f919f73b000-7f919f8f5000 r-xp 00000000 08:07 678224                     /lib/x86_64-linux-gnu/libc-2.19.so
7f919f8f5000-7f919faf5000 ---p 001ba000 08:07 678224                     /lib/x86_64-linux-gnu/libc-2.19.so
7f919faf5000-7f919faf9000 r--p 001ba000 08:07 678224                     /lib/x86_64-linux-gnu/libc-2.19.so
7f919faf9000-7f919fafb000 rw-p 001be000 08:07 678224                     /lib/x86_64-linux-gnu/libc-2.19.so
7f919fafb000-7f919fb00000 rw-p 00000000 00:00 0 
7f919fb00000-7f919fb03000 r-xp 00000000 08:07 678191                     /lib/x86_64-linux-gnu/libdl-2.19.so
7f919fb03000-7f919fd02000 ---p 00003000 08:07 678191                     /lib/x86_64-linux-gnu/libdl-2.19.so
7f919fd02000-7f919fd03000 r--p 00002000 08:07 678191                     /lib/x86_64-linux-gnu/libdl-2.19.so
7f919fd03000-7f919fd04000 rw-p 00003000 08:07 678191                     /lib/x86_64-linux-gnu/libdl-2.19.so
7f919fd04000-7f919fd19000 r-xp 00000000 08:07 1075928                    /usr/lib/jvm/JDK/jdk1.8.0_73/lib/amd64/jli/libjli.so
7f919fd19000-7f919ff19000 ---p 00015000 08:07 1075928                    /usr/lib/jvm/JDK/jdk1.8.0_73/lib/amd64/jli/libjli.so
7f919ff19000-7f919ff1a000 rw-p 00015000 08:07 1075928                    /usr/lib/jvm/JDK/jdk1.8.0_73/lib/amd64/jli/libjli.so
7f919ff1a000-7f919ff33000 r-xp 00000000 08:07 678204                     /lib/x86_64-linux-gnu/libpthread-2.19.so
7f919ff33000-7f91a0132000 ---p 00019000 08:07 678204                     /lib/x86_64-linux-gnu/libpthread-2.19.so
7f91a0132000-7f91a0133000 r--p 00018000 08:07 678204                     /lib/x86_64-linux-gnu/libpthread-2.19.so
7f91a0133000-7f91a0134000 rw-p 00019000 08:07 678204                     /lib/x86_64-linux-gnu/libpthread-2.19.so
7f91a0134000-7f91a0138000 rw-p 00000000 00:00 0 
7f91a0138000-7f91a015b000 r-xp 00000000 08:07 678210                     /lib/x86_64-linux-gnu/ld-2.19.so
7f91a0162000-7f91a023b000 rw-p 00000000 00:00 0 
7f91a023b000-7f91a023e000 ---p 00000000 00:00 0 
7f91a023e000-7f91a0340000 rw-p 00000000 00:00 0 
7f91a0346000-7f91a0347000 rw-p 00000000 00:00 0 
7f91a0347000-7f91a034e000 r--s 00000000 08:07 158159                     /usr/lib/x86_64-linux-gnu/gconv/gconv-modules.cache
7f91a034e000-7f91a0356000 rw-s 00000000 08:07 422052                     /tmp/hsperfdata_xiaoming/22125
7f91a0356000-7f91a0357000 rw-p 00000000 00:00 0 
7f91a0357000-7f91a0358000 ---p 00000000 00:00 0 
7f91a0358000-7f91a035a000 rw-p 00000000 00:00 0 
7f91a035a000-7f91a035b000 r--p 00022000 08:07 678210                     /lib/x86_64-linux-gnu/ld-2.19.so
7f91a035b000-7f91a035c000 rw-p 00023000 08:07 678210                     /lib/x86_64-linux-gnu/ld-2.19.so
7f91a035c000-7f91a035d000 rw-p 00000000 00:00 0 
7ffc8c175000-7ffc8c197000 rw-p 00000000 00:00 0                          [stack]
7ffc8c19c000-7ffc8c19e000 r--p 00000000 00:00 0                          [vvar]
7ffc8c19e000-7ffc8c1a0000 r-xp 00000000 00:00 0                          [vdso]
ffffffffff600000-ffffffffff601000 r-xp 00000000 00:00 0                  [vsyscall]

VM Arguments:
jvm_args: -Djava.awt.headless=true -Xmx1024M -Dfile.encoding=UTF-8 -Duser.country=CN -Duser.language=zh -Duser.variant 
java_command: com.android.dx.command.Main --dex --force-jumbo --num-threads=4 --multi-dex --output /home/xiaoming/AndroidStudioProjects/MyApplication/One_Process3/build/intermediates/transforms/dex/debug/folders/1000/10/com.android.support-appcompat-v7-23.3.0_d032ed3853f0dad02298c39c1f81b612b0ce7f8e /home/xiaoming/AndroidStudioProjects/MyApplication/One_Process3/build/intermediates/exploded-aar/com.android.support/appcompat-v7/23.3.0/jars/classes.jar
java_class_path (initial): /home/xiaoming/Android/Sdk/build-tools/23.0.3/lib/dx.jar
Launcher Type: SUN_STANDARD

Environment Variables:
JAVA_HOME=/usr/lib/jvm/JDK/jdk1.8.0_73
CLASSPATH=/home/xiaoming/Android/android-studio/bin/../lib/bootstrap.jar:/home/xiaoming/Android/android-studio/bin/../lib/extensions.jar:/home/xiaoming/Android/android-studio/bin/../lib/util.jar:/home/xiaoming/Android/android-studio/bin/../lib/jdom.jar:/home/xiaoming/Android/android-studio/bin/../lib/log4j.jar:/home/xiaoming/Android/android-studio/bin/../lib/trove4j.jar:/home/xiaoming/Android/android-studio/bin/../lib/jna.jar:/usr/lib/jvm/JDK/jdk1.8.0_73/lib/tools.jar
PATH=/usr/lib/jvm/JDK/jdk1.8.0_73/bin:/usr/local/sbin:/usr/local/bin:/usr/sbin:/usr/bin:/sbin:/bin:/usr/games:/usr/local/games:/home/xiaoming/Android/android-studio/bin
LD_LIBRARY_PATH=/home/xiaoming/Android/android-studio/bin:
SHELL=/bin/bash
DISPLAY=:0

Signal Handlers:
SIGSEGV: [libjvm.so+0xabafa0], sa_mask[0]=11111111011111111101111111111110, sa_flags=SA_RESTART|SA_SIGINFO
SIGBUS: [libjvm.so+0xabafa0], sa_mask[0]=11111111011111111101111111111110, sa_flags=SA_RESTART|SA_SIGINFO
SIGFPE: [libjvm.so+0x9183c0], sa_mask[0]=11111111011111111101111111111110, sa_flags=SA_RESTART|SA_SIGINFO
SIGPIPE: [libjvm.so+0x9183c0], sa_mask[0]=11111111011111111101111111111110, sa_flags=SA_RESTART|SA_SIGINFO
SIGXFSZ: [libjvm.so+0x9183c0], sa_mask[0]=11111111011111111101111111111110, sa_flags=SA_RESTART|SA_SIGINFO
SIGILL: [libjvm.so+0x9183c0], sa_mask[0]=11111111011111111101111111111110, sa_flags=SA_RESTART|SA_SIGINFO
SIGUSR1: SIG_DFL, sa_mask[0]=00000000000000000000000000000000, sa_flags=none
SIGUSR2: [libjvm.so+0x9199f0], sa_mask[0]=00100000000000000000000000000000, sa_flags=SA_RESTART|SA_SIGINFO
SIGHUP: [libjvm.so+0x91adf0], sa_mask[0]=11111111011111111101111111111110, sa_flags=SA_RESTART|SA_SIGINFO
SIGINT: [libjvm.so+0x91adf0], sa_mask[0]=11111111011111111101111111111110, sa_flags=SA_RESTART|SA_SIGINFO
SIGTERM: [libjvm.so+0x91adf0], sa_mask[0]=11111111011111111101111111111110, sa_flags=SA_RESTART|SA_SIGINFO
SIGQUIT: [libjvm.so+0x91adf0], sa_mask[0]=11111111011111111101111111111110, sa_flags=SA_RESTART|SA_SIGINFO


---------------  S Y S T E M  ---------------

OS:DISTRIB_ID=Ubuntu
DISTRIB_RELEASE=14.04
DISTRIB_CODENAME=trusty
DISTRIB_DESCRIPTION="Ubuntu 14.04.5 LTS"

uname:Linux 4.2.0-42-generic #49~14.04.1-Ubuntu SMP Wed Jun 29 20:22:11 UTC 2016 x86_64
libc:glibc 2.19 NPTL 2.19 
rlimit: STACK 8192k, CORE 0k, NPROC 15043, NOFILE 4096, AS infinity
load average:9.16 4.45 3.04

/proc/meminfo:
MemTotal:        3947464 kB
MemFree:          103092 kB
MemAvailable:      53764 kB
Buffers:             708 kB
Cached:           387312 kB
SwapCached:         4872 kB
Active:          2185328 kB
Inactive:         742096 kB
Active(anon):    2181236 kB
Inactive(anon):   719004 kB
Active(file):       4092 kB
Inactive(file):    23092 kB
Unevictable:          32 kB
Mlocked:              32 kB
SwapTotal:       1000444 kB
SwapFree:             48 kB
Dirty:               164 kB
Writeback:             0 kB
AnonPages:       2534692 kB
Mapped:           870276 kB
Shmem:            360732 kB
Slab:              87588 kB
SReclaimable:      43096 kB
SUnreclaim:        44492 kB
KernelStack:       10656 kB
PageTables:        39700 kB
NFS_Unstable:          0 kB
Bounce:                0 kB
WritebackTmp:          0 kB
CommitLimit:     2974176 kB
Committed_AS:    7584436 kB
VmallocTotal:   34359738367 kB
VmallocUsed:      380580 kB
VmallocChunk:   34358947836 kB
HardwareCorrupted:     0 kB
AnonHugePages:    882688 kB
CmaTotal:              0 kB
CmaFree:               0 kB
HugePages_Total:       0
HugePages_Free:        0
HugePages_Rsvd:        0
HugePages_Surp:        0
Hugepagesize:       2048 kB
DirectMap4k:      176912 kB
DirectMap2M:     2869248 kB
DirectMap1G:     1048576 kB


CPU:total 4 (2 cores per cpu, 2 threads per core) family 6 model 61 stepping 4, cmov, cx8, fxsr, mmx, sse, sse2, sse3, ssse3, sse4.1, sse4.2, popcnt, avx, avx2, aes, clmul, erms, 3dnowpref, lzcnt, ht, tsc, tscinvbit, bmi1, bmi2, adx

/proc/cpuinfo:
processor	: 0
vendor_id	: GenuineIntel
cpu family	: 6
model		: 61
model name	: Intel(R) Core(TM) i5-5200U CPU @ 2.20GHz
stepping	: 4
microcode	: 0x1f
cpu MHz		: 2568.929
cache size	: 3072 KB
physical id	: 0
siblings	: 4
core id		: 0
cpu cores	: 2
apicid		: 0
initial apicid	: 0
fpu		: yes
fpu_exception	: yes
cpuid level	: 20
wp		: yes
flags		: fpu vme de pse tsc msr pae mce cx8 apic sep mtrr pge mca cmov pat pse36 clflush dts acpi mmx fxsr sse sse2 ss ht tm pbe syscall nx pdpe1gb rdtscp lm constant_tsc arch_perfmon pebs bts rep_good nopl xtopology nonstop_tsc aperfmperf eagerfpu pni pclmulqdq dtes64 monitor ds_cpl vmx est tm2 ssse3 fma cx16 xtpr pdcm pcid sse4_1 sse4_2 x2apic movbe popcnt tsc_deadline_timer aes xsave avx f16c rdrand lahf_lm abm 3dnowprefetch ida arat epb pln pts dtherm intel_pt tpr_shadow vnmi flexpriority ept vpid fsgsbase tsc_adjust bmi1 avx2 smep bmi2 erms invpcid rdseed adx smap xsaveopt
bugs		:
bogomips	: 4389.61
clflush size	: 64
cache_alignment	: 64
address sizes	: 39 bits physical, 48 bits virtual
power management:

processor	: 1
vendor_id	: GenuineIntel
cpu family	: 6
model		: 61
model name	: Intel(R) Core(TM) i5-5200U CPU @ 2.20GHz
stepping	: 4
microcode	: 0x1f
cpu MHz		: 2495.968
cache size	: 3072 KB
physical id	: 0
siblings	: 4
core id		: 1
cpu cores	: 2
apicid		: 2
initial apicid	: 2
fpu		: yes
fpu_exception	: yes
cpuid level	: 20
wp		: yes
flags		: fpu vme de pse tsc msr pae mce cx8 apic sep mtrr pge mca cmov pat pse36 clflush dts acpi mmx fxsr sse sse2 ss ht tm pbe syscall nx pdpe1gb rdtscp lm constant_tsc arch_perfmon pebs bts rep_good nopl xtopology nonstop_tsc aperfmperf eagerfpu pni pclmulqdq dtes64 monitor ds_cpl vmx est tm2 ssse3 fma cx16 xtpr pdcm pcid sse4_1 sse4_2 x2apic movbe popcnt tsc_deadline_timer aes xsave avx f16c rdrand lahf_lm abm 3dnowprefetch ida arat epb pln pts dtherm intel_pt tpr_shadow vnmi flexpriority ept vpid fsgsbase tsc_adjust bmi1 avx2 smep bmi2 erms invpcid rdseed adx smap xsaveopt
bugs		:
bogomips	: 4389.61
clflush size	: 64
cache_alignment	: 64
address sizes	: 39 bits physical, 48 bits virtual
power management:

processor	: 2
vendor_id	: GenuineIntel
cpu family	: 6
model		: 61
model name	: Intel(R) Core(TM) i5-5200U CPU @ 2.20GHz
stepping	: 4
microcode	: 0x1f
cpu MHz		: 2069.203
cache size	: 3072 KB
physical id	: 0
siblings	: 4
core id		: 0
cpu cores	: 2
apicid		: 1
initial apicid	: 1
fpu		: yes
fpu_exception	: yes
cpuid level	: 20
wp		: yes
flags		: fpu vme de pse tsc msr pae mce cx8 apic sep mtrr pge mca cmov pat pse36 clflush dts acpi mmx fxsr sse sse2 ss ht tm pbe syscall nx pdpe1gb rdtscp lm constant_tsc arch_perfmon pebs bts rep_good nopl xtopology nonstop_tsc aperfmperf eagerfpu pni pclmulqdq dtes64 monitor ds_cpl vmx est tm2 ssse3 fma cx16 xtpr pdcm pcid sse4_1 sse4_2 x2apic movbe popcnt tsc_deadline_timer aes xsave avx f16c rdrand lahf_lm abm 3dnowprefetch ida arat epb pln pts dtherm intel_pt tpr_shadow vnmi flexpriority ept vpid fsgsbase tsc_adjust bmi1 avx2 smep bmi2 erms invpcid rdseed adx smap xsaveopt
bugs		:
bogomips	: 4389.61
clflush size	: 64
cache_alignment	: 64
address sizes	: 39 bits physical, 48 bits virtual
power management:

processor	: 3
vendor_id	: GenuineIntel
cpu family	: 6
model		: 61
model name	: Intel(R) Core(TM) i5-5200U CPU @ 2.20GHz
stepping	: 4
microcode	: 0x1f
cpu MHz		: 2412.265
cache size	: 3072 KB
physical id	: 0
siblings	: 4
core id		: 1
cpu cores	: 2
apicid		: 3
initial apicid	: 3
fpu		: yes
fpu_exception	: yes
cpuid level	: 20
wp		: yes
flags		: fpu vme de pse tsc msr pae mce cx8 apic sep mtrr pge mca cmov pat pse36 clflush dts acpi mmx fxsr sse sse2 ss ht tm pbe syscall nx pdpe1gb rdtscp lm constant_tsc arch_perfmon pebs bts rep_good nopl xtopology nonstop_tsc aperfmperf eagerfpu pni pclmulqdq dtes64 monitor ds_cpl vmx est tm2 ssse3 fma cx16 xtpr pdcm pcid sse4_1 sse4_2 x2apic movbe popcnt tsc_deadline_timer aes xsave avx f16c rdrand lahf_lm abm 3dnowprefetch ida arat epb pln pts dtherm intel_pt tpr_shadow vnmi flexpriority ept vpid fsgsbase tsc_adjust bmi1 avx2 smep bmi2 erms invpcid rdseed adx smap xsaveopt
bugs		:
bogomips	: 4389.61
clflush size	: 64
cache_alignment	: 64
address sizes	: 39 bits physical, 48 bits virtual
power management:



Memory: 4k page, physical 3947464k(103092k free), swap 1000444k(48k free)

vm_info: Java HotSpot(TM) 64-Bit Server VM (25.73-b02) for linux-amd64 JRE (1.8.0_73-b02), built on Jan 29 2016 17:39:45 by "java_re" with gcc 4.3.0 20080428 (Red Hat 4.3.0-8)

time: Wed Oct  5 17:34:45 2016
elapsed time: 17 seconds (0d 0h 0m 17s)

